<?xml version="1.0" encoding="UTF-8"?>
<robot generator="Robot 7.1.1 (Python 3.13.0 on win32)" generated="2024-11-03T16:21:38.359668" rpa="false" schemaversion="5">
<suite id="s1" name="testsCompany" source="D:\1. Projetos\FrameWork\Projetos\Projeto.Wayslan\Zipado\Wayslan-FRONTEND\Squad.RonBugado-academy-frontend\tests\testsCompany.robot">
<test id="s1-t1" name="Cenário de testes 01: LOGIN ADM COM SUCESSO" line="10">
<kw name="Abrir o navegador" owner="1-login" type="SETUP">
<kw name="Open Browser" owner="SeleniumLibrary">
<msg time="2024-11-03T16:21:38.743882" level="INFO">Opening browser 'headlesschrome' to base url 'None'.</msg>
<arg>browser=headlesschrome</arg>
<doc>Opens a new browser instance to the optional ``url``.</doc>
<status status="PASS" start="2024-11-03T16:21:38.743702" elapsed="1.342484"/>
</kw>
<kw name="Maximize Browser Window" owner="SeleniumLibrary">
<doc>Maximizes current browser window.</doc>
<status status="PASS" start="2024-11-03T16:21:40.086398" elapsed="0.032150"/>
</kw>
<status status="PASS" start="2024-11-03T16:21:38.743120" elapsed="1.375566"/>
</kw>
<kw name="Logar com sysadmin: Digitar um e-mail Valido" owner="1-login">
<kw name="Go To" owner="SeleniumLibrary">
<msg time="2024-11-03T16:21:40.119866" level="INFO">Opening url 'https://automacao.qacoders.dev.br/login'</msg>
<arg>url=${urlBase}</arg>
<doc>Navigates the current browser window to the provided ``url``.</doc>
<status status="PASS" start="2024-11-03T16:21:40.119626" elapsed="3.541576"/>
</kw>
<kw name="Wait Until Element Is Visible" owner="SeleniumLibrary">
<arg>locator=${emailInput}</arg>
<doc>Waits until the element ``locator`` is visible.</doc>
<status status="PASS" start="2024-11-03T16:21:43.661420" elapsed="0.049724"/>
</kw>
<kw name="Input Text" owner="SeleniumLibrary">
<msg time="2024-11-03T16:21:43.711608" level="INFO">Typing text 'sysadmin@qacoders.com' into text field 'id=email'.</msg>
<arg>locator=${emailInput}</arg>
<arg>text=${emailValido}</arg>
<doc>Types the given ``text`` into the text field identified by ``locator``.</doc>
<status status="PASS" start="2024-11-03T16:21:43.711334" elapsed="0.186644"/>
</kw>
<status status="PASS" start="2024-11-03T16:21:40.119297" elapsed="3.778980"/>
</kw>
<kw name="Logar com sysadmin: Digitar Uma Senha Valida" owner="1-login">
<kw name="Wait Until Element Is Visible" owner="SeleniumLibrary">
<arg>locator=${senhaInput}</arg>
<doc>Waits until the element ``locator`` is visible.</doc>
<status status="PASS" start="2024-11-03T16:21:43.899341" elapsed="0.040540"/>
</kw>
<kw name="Input Password" owner="SeleniumLibrary">
<msg time="2024-11-03T16:21:43.940871" level="INFO">Typing password into text field 'id=password'.</msg>
<msg time="2024-11-03T16:21:43.977273" level="INFO">Temporally setting log level to: NONE</msg>
<arg>locator=${senhaInput}</arg>
<arg>password=${senhaValida}</arg>
<doc>Types the given password into the text field identified by ``locator``.</doc>
<status status="PASS" start="2024-11-03T16:21:43.940201" elapsed="0.095860"/>
</kw>
<status status="PASS" start="2024-11-03T16:21:43.898906" elapsed="0.137274"/>
</kw>
<kw name="Logar com sysadmin: Clicar No Botao Entrar" owner="1-login">
<kw name="Wait Until Element Is Visible" owner="SeleniumLibrary">
<arg>locator=${botaoInput}</arg>
<doc>Waits until the element ``locator`` is visible.</doc>
<status status="PASS" start="2024-11-03T16:21:44.036978" elapsed="0.032863"/>
</kw>
<kw name="Click Button" owner="SeleniumLibrary">
<msg time="2024-11-03T16:21:44.070255" level="INFO">Clicking button 'id=login'.</msg>
<arg>locator=${botaoInput}</arg>
<doc>Clicks the button identified by ``locator``.</doc>
<status status="PASS" start="2024-11-03T16:21:44.070023" elapsed="0.118685"/>
</kw>
<status status="PASS" start="2024-11-03T16:21:44.036625" elapsed="0.152198"/>
</kw>
<kw name="Logar com sysadmin: Verificar Se Realmente Entrou No Sistema" owner="1-login">
<kw name="Wait Until Page Contains" owner="SeleniumLibrary">
<arg>text=Logout</arg>
<doc>Waits until ``text`` appears on the current page.</doc>
<status status="PASS" start="2024-11-03T16:21:44.190124" elapsed="0.691161"/>
</kw>
<kw name="Sleep" owner="BuiltIn">
<msg time="2024-11-03T16:21:48.882446" level="INFO">Slept 4 seconds.</msg>
<arg>4</arg>
<doc>Pauses the test executed for the given time.</doc>
<status status="PASS" start="2024-11-03T16:21:44.881619" elapsed="4.001082"/>
</kw>
<status status="PASS" start="2024-11-03T16:21:44.189438" elapsed="4.693497"/>
</kw>
<kw name="Fechar o navegador" owner="1-login" type="TEARDOWN">
<kw name="Close Browser" owner="SeleniumLibrary">
<doc>Closes the current browser.</doc>
<status status="PASS" start="2024-11-03T16:21:48.885014" elapsed="2.211787"/>
</kw>
<status status="PASS" start="2024-11-03T16:21:48.884144" elapsed="2.212948"/>
</kw>
<status status="PASS" start="2024-11-03T16:21:38.742251" elapsed="12.356152"/>
</test>
<test id="s1-t2" name="Cenário de testes 02: Clicar botão CADASTROS" line="16">
<kw name="Abrir o navegador" owner="1-login" type="SETUP">
<kw name="Open Browser" owner="SeleniumLibrary">
<msg time="2024-11-03T16:21:51.101643" level="INFO">Opening browser 'headlesschrome' to base url 'None'.</msg>
<arg>browser=headlesschrome</arg>
<doc>Opens a new browser instance to the optional ``url``.</doc>
<status status="PASS" start="2024-11-03T16:21:51.101249" elapsed="1.262106"/>
</kw>
<kw name="Maximize Browser Window" owner="SeleniumLibrary">
<doc>Maximizes current browser window.</doc>
<status status="PASS" start="2024-11-03T16:21:52.363545" elapsed="0.042352"/>
</kw>
<status status="PASS" start="2024-11-03T16:21:51.100545" elapsed="1.305681"/>
</kw>
<kw name="Logar com sysadmin: Digitar um e-mail Valido" owner="1-login">
<kw name="Go To" owner="SeleniumLibrary">
<msg time="2024-11-03T16:21:52.409791" level="INFO">Opening url 'https://automacao.qacoders.dev.br/login'</msg>
<arg>url=${urlBase}</arg>
<doc>Navigates the current browser window to the provided ``url``.</doc>
<status status="PASS" start="2024-11-03T16:21:52.409494" elapsed="1.377977"/>
</kw>
<kw name="Wait Until Element Is Visible" owner="SeleniumLibrary">
<arg>locator=${emailInput}</arg>
<doc>Waits until the element ``locator`` is visible.</doc>
<status status="PASS" start="2024-11-03T16:21:53.787785" elapsed="0.036738"/>
</kw>
<kw name="Input Text" owner="SeleniumLibrary">
<msg time="2024-11-03T16:21:53.824967" level="INFO">Typing text 'sysadmin@qacoders.com' into text field 'id=email'.</msg>
<arg>locator=${emailInput}</arg>
<arg>text=${emailValido}</arg>
<doc>Types the given ``text`` into the text field identified by ``locator``.</doc>
<status status="PASS" start="2024-11-03T16:21:53.824708" elapsed="0.253922"/>
</kw>
<status status="PASS" start="2024-11-03T16:21:52.408501" elapsed="1.670241"/>
</kw>
<kw name="Logar com sysadmin: Digitar Uma Senha Valida" owner="1-login">
<kw name="Wait Until Element Is Visible" owner="SeleniumLibrary">
<arg>locator=${senhaInput}</arg>
<doc>Waits until the element ``locator`` is visible.</doc>
<status status="PASS" start="2024-11-03T16:21:54.079900" elapsed="0.032097"/>
</kw>
<kw name="Input Password" owner="SeleniumLibrary">
<msg time="2024-11-03T16:21:54.112504" level="INFO">Typing password into text field 'id=password'.</msg>
<msg time="2024-11-03T16:21:54.166230" level="INFO">Temporally setting log level to: NONE</msg>
<arg>locator=${senhaInput}</arg>
<arg>password=${senhaValida}</arg>
<doc>Types the given password into the text field identified by ``locator``.</doc>
<status status="PASS" start="2024-11-03T16:21:54.112221" elapsed="0.144875"/>
</kw>
<status status="PASS" start="2024-11-03T16:21:54.079485" elapsed="0.177797"/>
</kw>
<kw name="Logar com sysadmin: Clicar No Botao Entrar" owner="1-login">
<kw name="Wait Until Element Is Visible" owner="SeleniumLibrary">
<arg>locator=${botaoInput}</arg>
<doc>Waits until the element ``locator`` is visible.</doc>
<status status="PASS" start="2024-11-03T16:21:54.258784" elapsed="0.048396"/>
</kw>
<kw name="Click Button" owner="SeleniumLibrary">
<msg time="2024-11-03T16:21:54.307867" level="INFO">Clicking button 'id=login'.</msg>
<arg>locator=${botaoInput}</arg>
<doc>Clicks the button identified by ``locator``.</doc>
<status status="PASS" start="2024-11-03T16:21:54.307416" elapsed="0.120163"/>
</kw>
<status status="PASS" start="2024-11-03T16:21:54.258211" elapsed="0.169516"/>
</kw>
<kw name="Logar com sysadmin: Verificar Se Realmente Entrou No Sistema" owner="1-login">
<kw name="Wait Until Page Contains" owner="SeleniumLibrary">
<arg>text=Logout</arg>
<doc>Waits until ``text`` appears on the current page.</doc>
<status status="PASS" start="2024-11-03T16:21:54.428643" elapsed="0.476975"/>
</kw>
<kw name="Sleep" owner="BuiltIn">
<msg time="2024-11-03T16:21:58.906639" level="INFO">Slept 4 seconds.</msg>
<arg>4</arg>
<doc>Pauses the test executed for the given time.</doc>
<status status="PASS" start="2024-11-03T16:21:54.905863" elapsed="4.001027"/>
</kw>
<status status="PASS" start="2024-11-03T16:21:54.428174" elapsed="4.478963"/>
</kw>
<kw name="Clicar botão CADASTROS" owner="3-company">
<kw name="Wait Until Element Is Visible" owner="SeleniumLibrary">
<arg>locator=${CompanyBotaoCadastro}</arg>
<doc>Waits until the element ``locator`` is visible.</doc>
<status status="PASS" start="2024-11-03T16:21:58.914910" elapsed="0.020702"/>
</kw>
<kw name="Click Element" owner="SeleniumLibrary">
<msg time="2024-11-03T16:21:58.936039" level="INFO">Clicking element 'id=Cadastros'.</msg>
<arg>locator=${CompanyBotaoCadastro}</arg>
<doc>Click the element identified by ``locator``.</doc>
<status status="PASS" start="2024-11-03T16:21:58.935795" elapsed="0.090335"/>
</kw>
<kw name="Sleep" owner="BuiltIn">
<msg time="2024-11-03T16:22:00.027876" level="INFO">Slept 1 second.</msg>
<arg>1</arg>
<doc>Pauses the test executed for the given time.</doc>
<status status="PASS" start="2024-11-03T16:21:59.026520" elapsed="1.001703"/>
</kw>
<status status="PASS" start="2024-11-03T16:21:58.914204" elapsed="1.114323"/>
</kw>
<kw name="Fechar o navegador" owner="1-login" type="TEARDOWN">
<kw name="Close Browser" owner="SeleniumLibrary">
<doc>Closes the current browser.</doc>
<status status="PASS" start="2024-11-03T16:22:00.030219" elapsed="2.157481"/>
</kw>
<status status="PASS" start="2024-11-03T16:22:00.029555" elapsed="2.158432"/>
</kw>
<status status="PASS" start="2024-11-03T16:21:51.099556" elapsed="11.089664"/>
</test>
<test id="s1-t3" name="Cenário de testes 03: Clicar no botão EMPRESA" line="23">
<kw name="Abrir o navegador" owner="1-login" type="SETUP">
<kw name="Open Browser" owner="SeleniumLibrary">
<msg time="2024-11-03T16:22:02.192214" level="INFO">Opening browser 'headlesschrome' to base url 'None'.</msg>
<arg>browser=headlesschrome</arg>
<doc>Opens a new browser instance to the optional ``url``.</doc>
<status status="PASS" start="2024-11-03T16:22:02.191816" elapsed="1.271148"/>
</kw>
<kw name="Maximize Browser Window" owner="SeleniumLibrary">
<doc>Maximizes current browser window.</doc>
<status status="PASS" start="2024-11-03T16:22:03.463205" elapsed="0.027674"/>
</kw>
<status status="PASS" start="2024-11-03T16:22:02.191063" elapsed="1.299964"/>
</kw>
<kw name="Logar com sysadmin: Digitar um e-mail Valido" owner="1-login">
<kw name="Go To" owner="SeleniumLibrary">
<msg time="2024-11-03T16:22:03.492321" level="INFO">Opening url 'https://automacao.qacoders.dev.br/login'</msg>
<arg>url=${urlBase}</arg>
<doc>Navigates the current browser window to the provided ``url``.</doc>
<status status="PASS" start="2024-11-03T16:22:03.492044" elapsed="2.495273"/>
</kw>
<kw name="Wait Until Element Is Visible" owner="SeleniumLibrary">
<arg>locator=${emailInput}</arg>
<doc>Waits until the element ``locator`` is visible.</doc>
<status status="PASS" start="2024-11-03T16:22:05.987584" elapsed="0.050504"/>
</kw>
<kw name="Input Text" owner="SeleniumLibrary">
<msg time="2024-11-03T16:22:06.038540" level="INFO">Typing text 'sysadmin@qacoders.com' into text field 'id=email'.</msg>
<arg>locator=${emailInput}</arg>
<arg>text=${emailValido}</arg>
<doc>Types the given ``text`` into the text field identified by ``locator``.</doc>
<status status="PASS" start="2024-11-03T16:22:06.038283" elapsed="0.196638"/>
</kw>
<status status="PASS" start="2024-11-03T16:22:03.491594" elapsed="2.743440"/>
</kw>
<kw name="Logar com sysadmin: Digitar Uma Senha Valida" owner="1-login">
<kw name="Wait Until Element Is Visible" owner="SeleniumLibrary">
<arg>locator=${senhaInput}</arg>
<doc>Waits until the element ``locator`` is visible.</doc>
<status status="PASS" start="2024-11-03T16:22:06.236042" elapsed="0.035705"/>
</kw>
<kw name="Input Password" owner="SeleniumLibrary">
<msg time="2024-11-03T16:22:06.272204" level="INFO">Typing password into text field 'id=password'.</msg>
<msg time="2024-11-03T16:22:06.317294" level="INFO">Temporally setting log level to: NONE</msg>
<arg>locator=${senhaInput}</arg>
<arg>password=${senhaValida}</arg>
<doc>Types the given password into the text field identified by ``locator``.</doc>
<status status="PASS" start="2024-11-03T16:22:06.271937" elapsed="0.114390"/>
</kw>
<status status="PASS" start="2024-11-03T16:22:06.235753" elapsed="0.150769"/>
</kw>
<kw name="Logar com sysadmin: Clicar No Botao Entrar" owner="1-login">
<kw name="Wait Until Element Is Visible" owner="SeleniumLibrary">
<arg>locator=${botaoInput}</arg>
<doc>Waits until the element ``locator`` is visible.</doc>
<status status="PASS" start="2024-11-03T16:22:06.387692" elapsed="0.031799"/>
</kw>
<kw name="Click Button" owner="SeleniumLibrary">
<msg time="2024-11-03T16:22:06.420215" level="INFO">Clicking button 'id=login'.</msg>
<arg>locator=${botaoInput}</arg>
<doc>Clicks the button identified by ``locator``.</doc>
<status status="PASS" start="2024-11-03T16:22:06.419790" elapsed="0.079888"/>
</kw>
<status status="PASS" start="2024-11-03T16:22:06.387193" elapsed="0.112653"/>
</kw>
<kw name="Logar com sysadmin: Verificar Se Realmente Entrou No Sistema" owner="1-login">
<kw name="Wait Until Page Contains" owner="SeleniumLibrary">
<arg>text=Logout</arg>
<doc>Waits until ``text`` appears on the current page.</doc>
<status status="PASS" start="2024-11-03T16:22:06.500729" elapsed="0.696972"/>
</kw>
<kw name="Sleep" owner="BuiltIn">
<msg time="2024-11-03T16:22:11.198743" level="INFO">Slept 4 seconds.</msg>
<arg>4</arg>
<doc>Pauses the test executed for the given time.</doc>
<status status="PASS" start="2024-11-03T16:22:07.198028" elapsed="4.000964"/>
</kw>
<status status="PASS" start="2024-11-03T16:22:06.500332" elapsed="4.698895"/>
</kw>
<kw name="Clicar botão CADASTROS" owner="3-company">
<kw name="Wait Until Element Is Visible" owner="SeleniumLibrary">
<arg>locator=${CompanyBotaoCadastro}</arg>
<doc>Waits until the element ``locator`` is visible.</doc>
<status status="PASS" start="2024-11-03T16:22:11.200996" elapsed="0.043101"/>
</kw>
<kw name="Click Element" owner="SeleniumLibrary">
<msg time="2024-11-03T16:22:11.244856" level="INFO">Clicking element 'id=Cadastros'.</msg>
<arg>locator=${CompanyBotaoCadastro}</arg>
<doc>Click the element identified by ``locator``.</doc>
<status status="PASS" start="2024-11-03T16:22:11.244567" elapsed="0.095188"/>
</kw>
<kw name="Sleep" owner="BuiltIn">
<msg time="2024-11-03T16:22:12.342143" level="INFO">Slept 1 second.</msg>
<arg>1</arg>
<doc>Pauses the test executed for the given time.</doc>
<status status="PASS" start="2024-11-03T16:22:11.340205" elapsed="1.002185"/>
</kw>
<status status="PASS" start="2024-11-03T16:22:11.200169" elapsed="1.142465"/>
</kw>
<kw name="Clicar no botão EMPRESA" owner="3-company">
<kw name="Wait Until Element Is Visible" owner="SeleniumLibrary">
<arg>locator=${Companylist}</arg>
<doc>Waits until the element ``locator`` is visible.</doc>
<status status="PASS" start="2024-11-03T16:22:12.344558" elapsed="0.075303"/>
</kw>
<kw name="Click Element" owner="SeleniumLibrary">
<msg time="2024-11-03T16:22:12.420375" level="INFO">Clicking element 'Empresa'.</msg>
<arg>locator=${Companylist}</arg>
<doc>Click the element identified by ``locator``.</doc>
<status status="PASS" start="2024-11-03T16:22:12.420092" elapsed="0.085694"/>
</kw>
<kw name="Wait Until Page Contains" owner="SeleniumLibrary">
<arg>Empresa</arg>
<doc>Waits until ``text`` appears on the current page.</doc>
<status status="PASS" start="2024-11-03T16:22:12.506304" elapsed="0.041398"/>
</kw>
<kw name="Sleep" owner="BuiltIn">
<msg time="2024-11-03T16:22:13.548690" level="INFO">Slept 1 second.</msg>
<arg>1</arg>
<doc>Pauses the test executed for the given time.</doc>
<status status="PASS" start="2024-11-03T16:22:12.547958" elapsed="1.001056"/>
</kw>
<status status="PASS" start="2024-11-03T16:22:12.343751" elapsed="1.205612"/>
</kw>
<kw name="Fechar o navegador" owner="1-login" type="TEARDOWN">
<kw name="Close Browser" owner="SeleniumLibrary">
<doc>Closes the current browser.</doc>
<status status="PASS" start="2024-11-03T16:22:13.553726" elapsed="2.176688"/>
</kw>
<status status="PASS" start="2024-11-03T16:22:13.552580" elapsed="2.178210"/>
</kw>
<status status="PASS" start="2024-11-03T16:22:02.190189" elapsed="13.542191"/>
</test>
<test id="s1-t4" name="Cenário de testes 04: Clicar no botão NOVO CADASTRO EMPRESA" line="31">
<kw name="Abrir o navegador" owner="1-login" type="SETUP">
<kw name="Open Browser" owner="SeleniumLibrary">
<msg time="2024-11-03T16:22:15.736309" level="INFO">Opening browser 'headlesschrome' to base url 'None'.</msg>
<arg>browser=headlesschrome</arg>
<doc>Opens a new browser instance to the optional ``url``.</doc>
<status status="PASS" start="2024-11-03T16:22:15.735817" elapsed="1.301437"/>
</kw>
<kw name="Maximize Browser Window" owner="SeleniumLibrary">
<doc>Maximizes current browser window.</doc>
<status status="PASS" start="2024-11-03T16:22:17.037451" elapsed="0.032266"/>
</kw>
<status status="PASS" start="2024-11-03T16:22:15.734876" elapsed="1.334964"/>
</kw>
<kw name="Logar com sysadmin: Digitar um e-mail Valido" owner="1-login">
<kw name="Go To" owner="SeleniumLibrary">
<msg time="2024-11-03T16:22:17.070956" level="INFO">Opening url 'https://automacao.qacoders.dev.br/login'</msg>
<arg>url=${urlBase}</arg>
<doc>Navigates the current browser window to the provided ``url``.</doc>
<status status="PASS" start="2024-11-03T16:22:17.070754" elapsed="0.523528"/>
</kw>
<kw name="Wait Until Element Is Visible" owner="SeleniumLibrary">
<arg>locator=${emailInput}</arg>
<doc>Waits until the element ``locator`` is visible.</doc>
<status status="PASS" start="2024-11-03T16:22:17.594475" elapsed="0.042073"/>
</kw>
<kw name="Input Text" owner="SeleniumLibrary">
<msg time="2024-11-03T16:22:17.637173" level="INFO">Typing text 'sysadmin@qacoders.com' into text field 'id=email'.</msg>
<arg>locator=${emailInput}</arg>
<arg>text=${emailValido}</arg>
<doc>Types the given ``text`` into the text field identified by ``locator``.</doc>
<status status="PASS" start="2024-11-03T16:22:17.636802" elapsed="0.285256"/>
</kw>
<status status="PASS" start="2024-11-03T16:22:17.070391" elapsed="0.851823"/>
</kw>
<kw name="Logar com sysadmin: Digitar Uma Senha Valida" owner="1-login">
<kw name="Wait Until Element Is Visible" owner="SeleniumLibrary">
<arg>locator=${senhaInput}</arg>
<doc>Waits until the element ``locator`` is visible.</doc>
<status status="PASS" start="2024-11-03T16:22:17.923726" elapsed="0.044088"/>
</kw>
<kw name="Input Password" owner="SeleniumLibrary">
<msg time="2024-11-03T16:22:17.968251" level="INFO">Typing password into text field 'id=password'.</msg>
<msg time="2024-11-03T16:22:18.039979" level="INFO">Temporally setting log level to: NONE</msg>
<arg>locator=${senhaInput}</arg>
<arg>password=${senhaValida}</arg>
<doc>Types the given password into the text field identified by ``locator``.</doc>
<status status="PASS" start="2024-11-03T16:22:17.967998" elapsed="0.186008"/>
</kw>
<status status="PASS" start="2024-11-03T16:22:17.923002" elapsed="0.231116"/>
</kw>
<kw name="Logar com sysadmin: Clicar No Botao Entrar" owner="1-login">
<kw name="Wait Until Element Is Visible" owner="SeleniumLibrary">
<arg>locator=${botaoInput}</arg>
<doc>Waits until the element ``locator`` is visible.</doc>
<status status="PASS" start="2024-11-03T16:22:18.154997" elapsed="0.043722"/>
</kw>
<kw name="Click Button" owner="SeleniumLibrary">
<msg time="2024-11-03T16:22:18.199232" level="INFO">Clicking button 'id=login'.</msg>
<arg>locator=${botaoInput}</arg>
<doc>Clicks the button identified by ``locator``.</doc>
<status status="PASS" start="2024-11-03T16:22:18.198950" elapsed="0.097805"/>
</kw>
<status status="PASS" start="2024-11-03T16:22:18.154572" elapsed="0.142307"/>
</kw>
<kw name="Logar com sysadmin: Verificar Se Realmente Entrou No Sistema" owner="1-login">
<kw name="Wait Until Page Contains" owner="SeleniumLibrary">
<arg>text=Logout</arg>
<doc>Waits until ``text`` appears on the current page.</doc>
<status status="PASS" start="2024-11-03T16:22:18.298009" elapsed="0.461289"/>
</kw>
<kw name="Sleep" owner="BuiltIn">
<msg time="2024-11-03T16:22:22.761612" level="INFO">Slept 4 seconds.</msg>
<arg>4</arg>
<doc>Pauses the test executed for the given time.</doc>
<status status="PASS" start="2024-11-03T16:22:18.759713" elapsed="4.002152"/>
</kw>
<status status="PASS" start="2024-11-03T16:22:18.297410" elapsed="4.464698"/>
</kw>
<kw name="Clicar botão CADASTROS" owner="3-company">
<kw name="Wait Until Element Is Visible" owner="SeleniumLibrary">
<arg>locator=${CompanyBotaoCadastro}</arg>
<doc>Waits until the element ``locator`` is visible.</doc>
<status status="PASS" start="2024-11-03T16:22:22.765216" elapsed="0.061605"/>
</kw>
<kw name="Click Element" owner="SeleniumLibrary">
<msg time="2024-11-03T16:22:22.827303" level="INFO">Clicking element 'id=Cadastros'.</msg>
<arg>locator=${CompanyBotaoCadastro}</arg>
<doc>Click the element identified by ``locator``.</doc>
<status status="PASS" start="2024-11-03T16:22:22.827033" elapsed="0.103008"/>
</kw>
<kw name="Sleep" owner="BuiltIn">
<msg time="2024-11-03T16:22:23.932292" level="INFO">Slept 1 second.</msg>
<arg>1</arg>
<doc>Pauses the test executed for the given time.</doc>
<status status="PASS" start="2024-11-03T16:22:22.930471" elapsed="1.002111"/>
</kw>
<status status="PASS" start="2024-11-03T16:22:22.764306" elapsed="1.168568"/>
</kw>
<kw name="Clicar no botão EMPRESA" owner="3-company">
<kw name="Wait Until Element Is Visible" owner="SeleniumLibrary">
<arg>locator=${Companylist}</arg>
<doc>Waits until the element ``locator`` is visible.</doc>
<status status="PASS" start="2024-11-03T16:22:23.934884" elapsed="0.029893"/>
</kw>
<kw name="Click Element" owner="SeleniumLibrary">
<msg time="2024-11-03T16:22:23.965916" level="INFO">Clicking element 'Empresa'.</msg>
<arg>locator=${Companylist}</arg>
<doc>Click the element identified by ``locator``.</doc>
<status status="PASS" start="2024-11-03T16:22:23.965147" elapsed="0.069968"/>
</kw>
<kw name="Wait Until Page Contains" owner="SeleniumLibrary">
<arg>Empresa</arg>
<doc>Waits until ``text`` appears on the current page.</doc>
<status status="PASS" start="2024-11-03T16:22:24.035401" elapsed="0.056311"/>
</kw>
<kw name="Sleep" owner="BuiltIn">
<msg time="2024-11-03T16:22:25.092974" level="INFO">Slept 1 second.</msg>
<arg>1</arg>
<doc>Pauses the test executed for the given time.</doc>
<status status="PASS" start="2024-11-03T16:22:24.092042" elapsed="1.001173"/>
</kw>
<status status="PASS" start="2024-11-03T16:22:23.934361" elapsed="1.159080"/>
</kw>
<kw name="Clicar no botão NOVO CADASTRO EMPRESA" owner="3-company">
<kw name="Wait Until Element Is Visible" owner="SeleniumLibrary">
<arg>locator=${CompanyNovoCadastro}</arg>
<doc>Waits until the element ``locator`` is visible.</doc>
<status status="PASS" start="2024-11-03T16:22:25.095518" elapsed="0.051740"/>
</kw>
<kw name="Click Button" owner="SeleniumLibrary">
<msg time="2024-11-03T16:22:25.147711" level="INFO">Clicking button 'id=Novo Cadastro'.</msg>
<arg>locator=${CompanyNovoCadastro}</arg>
<doc>Clicks the button identified by ``locator``.</doc>
<status status="PASS" start="2024-11-03T16:22:25.147440" elapsed="0.110856"/>
</kw>
<kw name="Wait Until Page Contains" owner="SeleniumLibrary">
<arg>text=Novo Cadastro</arg>
<doc>Waits until ``text`` appears on the current page.</doc>
<status status="PASS" start="2024-11-03T16:22:25.258489" elapsed="0.014037"/>
</kw>
<kw name="Sleep" owner="BuiltIn">
<msg time="2024-11-03T16:22:26.273377" level="INFO">Slept 1 second.</msg>
<arg>1</arg>
<doc>Pauses the test executed for the given time.</doc>
<status status="PASS" start="2024-11-03T16:22:25.272798" elapsed="1.000682"/>
</kw>
<status status="PASS" start="2024-11-03T16:22:25.094884" elapsed="1.178691"/>
</kw>
<kw name="Fechar o navegador" owner="1-login" type="TEARDOWN">
<kw name="Close Browser" owner="SeleniumLibrary">
<doc>Closes the current browser.</doc>
<status status="PASS" start="2024-11-03T16:22:26.274313" elapsed="2.141153"/>
</kw>
<status status="PASS" start="2024-11-03T16:22:26.273996" elapsed="2.141891"/>
</kw>
<status status="PASS" start="2024-11-03T16:22:15.733618" elapsed="12.683852"/>
</test>
<test id="s1-t5" name="Cenário de testes 05: Verificar FORM CADASTRO EMPRESA" line="40">
<kw name="Abrir o navegador" owner="1-login" type="SETUP">
<kw name="Open Browser" owner="SeleniumLibrary">
<msg time="2024-11-03T16:22:28.421339" level="INFO">Opening browser 'headlesschrome' to base url 'None'.</msg>
<arg>browser=headlesschrome</arg>
<doc>Opens a new browser instance to the optional ``url``.</doc>
<status status="PASS" start="2024-11-03T16:22:28.420799" elapsed="1.263669"/>
</kw>
<kw name="Maximize Browser Window" owner="SeleniumLibrary">
<doc>Maximizes current browser window.</doc>
<status status="PASS" start="2024-11-03T16:22:29.684701" elapsed="0.032375"/>
</kw>
<status status="PASS" start="2024-11-03T16:22:28.419882" elapsed="1.297347"/>
</kw>
<kw name="Logar com sysadmin: Digitar um e-mail Valido" owner="1-login">
<kw name="Go To" owner="SeleniumLibrary">
<msg time="2024-11-03T16:22:29.718325" level="INFO">Opening url 'https://automacao.qacoders.dev.br/login'</msg>
<arg>url=${urlBase}</arg>
<doc>Navigates the current browser window to the provided ``url``.</doc>
<status status="PASS" start="2024-11-03T16:22:29.718116" elapsed="4.009726"/>
</kw>
<kw name="Wait Until Element Is Visible" owner="SeleniumLibrary">
<arg>locator=${emailInput}</arg>
<doc>Waits until the element ``locator`` is visible.</doc>
<status status="PASS" start="2024-11-03T16:22:33.728166" elapsed="0.057739"/>
</kw>
<kw name="Input Text" owner="SeleniumLibrary">
<msg time="2024-11-03T16:22:33.786352" level="INFO">Typing text 'sysadmin@qacoders.com' into text field 'id=email'.</msg>
<arg>locator=${emailInput}</arg>
<arg>text=${emailValido}</arg>
<doc>Types the given ``text`` into the text field identified by ``locator``.</doc>
<status status="PASS" start="2024-11-03T16:22:33.786091" elapsed="0.245884"/>
</kw>
<status status="PASS" start="2024-11-03T16:22:29.717728" elapsed="4.314366"/>
</kw>
<kw name="Logar com sysadmin: Digitar Uma Senha Valida" owner="1-login">
<kw name="Wait Until Element Is Visible" owner="SeleniumLibrary">
<arg>locator=${senhaInput}</arg>
<doc>Waits until the element ``locator`` is visible.</doc>
<status status="PASS" start="2024-11-03T16:22:34.033089" elapsed="0.031949"/>
</kw>
<kw name="Input Password" owner="SeleniumLibrary">
<msg time="2024-11-03T16:22:34.065491" level="INFO">Typing password into text field 'id=password'.</msg>
<msg time="2024-11-03T16:22:34.110688" level="INFO">Temporally setting log level to: NONE</msg>
<arg>locator=${senhaInput}</arg>
<arg>password=${senhaValida}</arg>
<doc>Types the given password into the text field identified by ``locator``.</doc>
<status status="PASS" start="2024-11-03T16:22:34.065226" elapsed="0.102224"/>
</kw>
<status status="PASS" start="2024-11-03T16:22:34.032738" elapsed="0.134821"/>
</kw>
<kw name="Logar com sysadmin: Clicar No Botao Entrar" owner="1-login">
<kw name="Wait Until Element Is Visible" owner="SeleniumLibrary">
<arg>locator=${botaoInput}</arg>
<doc>Waits until the element ``locator`` is visible.</doc>
<status status="PASS" start="2024-11-03T16:22:34.168600" elapsed="0.035980"/>
</kw>
<kw name="Click Button" owner="SeleniumLibrary">
<msg time="2024-11-03T16:22:34.206149" level="INFO">Clicking button 'id=login'.</msg>
<arg>locator=${botaoInput}</arg>
<doc>Clicks the button identified by ``locator``.</doc>
<status status="PASS" start="2024-11-03T16:22:34.205671" elapsed="0.123223"/>
</kw>
<status status="PASS" start="2024-11-03T16:22:34.168205" elapsed="0.161084"/>
</kw>
<kw name="Logar com sysadmin: Verificar Se Realmente Entrou No Sistema" owner="1-login">
<kw name="Wait Until Page Contains" owner="SeleniumLibrary">
<arg>text=Logout</arg>
<doc>Waits until ``text`` appears on the current page.</doc>
<status status="PASS" start="2024-11-03T16:22:34.330595" elapsed="0.697470"/>
</kw>
<kw name="Sleep" owner="BuiltIn">
<msg time="2024-11-03T16:22:39.029238" level="INFO">Slept 4 seconds.</msg>
<arg>4</arg>
<doc>Pauses the test executed for the given time.</doc>
<status status="PASS" start="2024-11-03T16:22:35.028283" elapsed="4.001207"/>
</kw>
<status status="PASS" start="2024-11-03T16:22:34.330039" elapsed="4.699740"/>
</kw>
<kw name="Clicar botão CADASTROS" owner="3-company">
<kw name="Wait Until Element Is Visible" owner="SeleniumLibrary">
<arg>locator=${CompanyBotaoCadastro}</arg>
<doc>Waits until the element ``locator`` is visible.</doc>
<status status="PASS" start="2024-11-03T16:22:39.031758" elapsed="0.048895"/>
</kw>
<kw name="Click Element" owner="SeleniumLibrary">
<msg time="2024-11-03T16:22:39.081095" level="INFO">Clicking element 'id=Cadastros'.</msg>
<arg>locator=${CompanyBotaoCadastro}</arg>
<doc>Click the element identified by ``locator``.</doc>
<status status="PASS" start="2024-11-03T16:22:39.080848" elapsed="0.094886"/>
</kw>
<kw name="Sleep" owner="BuiltIn">
<msg time="2024-11-03T16:22:40.176898" level="INFO">Slept 1 second.</msg>
<arg>1</arg>
<doc>Pauses the test executed for the given time.</doc>
<status status="PASS" start="2024-11-03T16:22:39.175988" elapsed="1.001249"/>
</kw>
<status status="PASS" start="2024-11-03T16:22:39.030960" elapsed="1.146544"/>
</kw>
<kw name="Clicar no botão EMPRESA" owner="3-company">
<kw name="Wait Until Element Is Visible" owner="SeleniumLibrary">
<arg>locator=${Companylist}</arg>
<doc>Waits until the element ``locator`` is visible.</doc>
<status status="PASS" start="2024-11-03T16:22:40.179425" elapsed="0.042881"/>
</kw>
<kw name="Click Element" owner="SeleniumLibrary">
<msg time="2024-11-03T16:22:40.222837" level="INFO">Clicking element 'Empresa'.</msg>
<arg>locator=${Companylist}</arg>
<doc>Click the element identified by ``locator``.</doc>
<status status="PASS" start="2024-11-03T16:22:40.222553" elapsed="0.070337"/>
</kw>
<kw name="Wait Until Page Contains" owner="SeleniumLibrary">
<arg>Empresa</arg>
<doc>Waits until ``text`` appears on the current page.</doc>
<status status="PASS" start="2024-11-03T16:22:40.293196" elapsed="0.051213"/>
</kw>
<kw name="Sleep" owner="BuiltIn">
<msg time="2024-11-03T16:22:41.345294" level="INFO">Slept 1 second.</msg>
<arg>1</arg>
<doc>Pauses the test executed for the given time.</doc>
<status status="PASS" start="2024-11-03T16:22:40.344699" elapsed="1.000748"/>
</kw>
<status status="PASS" start="2024-11-03T16:22:40.178590" elapsed="1.166995"/>
</kw>
<kw name="Clicar no botão NOVO CADASTRO EMPRESA" owner="3-company">
<kw name="Wait Until Element Is Visible" owner="SeleniumLibrary">
<arg>locator=${CompanyNovoCadastro}</arg>
<doc>Waits until the element ``locator`` is visible.</doc>
<status status="PASS" start="2024-11-03T16:22:41.347389" elapsed="0.035400"/>
</kw>
<kw name="Click Button" owner="SeleniumLibrary">
<msg time="2024-11-03T16:22:41.383259" level="INFO">Clicking button 'id=Novo Cadastro'.</msg>
<arg>locator=${CompanyNovoCadastro}</arg>
<doc>Clicks the button identified by ``locator``.</doc>
<status status="PASS" start="2024-11-03T16:22:41.382991" elapsed="0.084709"/>
</kw>
<kw name="Wait Until Page Contains" owner="SeleniumLibrary">
<arg>text=Novo Cadastro</arg>
<doc>Waits until ``text`` appears on the current page.</doc>
<status status="PASS" start="2024-11-03T16:22:41.467991" elapsed="0.015958"/>
</kw>
<kw name="Sleep" owner="BuiltIn">
<msg time="2024-11-03T16:22:42.485196" level="INFO">Slept 1 second.</msg>
<arg>1</arg>
<doc>Pauses the test executed for the given time.</doc>
<status status="PASS" start="2024-11-03T16:22:41.484367" elapsed="1.001131"/>
</kw>
<status status="PASS" start="2024-11-03T16:22:41.346601" elapsed="1.139368"/>
</kw>
<kw name="Verificar FORM CADASTRO EMPRESA" owner="3-company">
<kw name="Wait Until Element Is Visible" owner="SeleniumLibrary">
<arg>locator=${CompanyFormCadastro}</arg>
<doc>Waits until the element ``locator`` is visible.</doc>
<status status="PASS" start="2024-11-03T16:22:42.488131" elapsed="0.043858"/>
</kw>
<kw name="Click Element" owner="SeleniumLibrary">
<msg time="2024-11-03T16:22:42.532440" level="INFO">Clicking element '//form[@class='css-ffwpz9'][contains(.,'Novo CadastroDados da EmpresaRazão Social*Nome Fantasia*Email*CNPJ*Telefone*Descrição do serviço*Nome do Responsável*EndereçoCEP*País*Cidade*Estado*Bairro*Rua*Número do Imóvel*Complemento*SALVAR NOVOCANCELAR')]'.</msg>
<arg>locator=${CompanyFormCadastro}</arg>
<doc>Click the element identified by ``locator``.</doc>
<status status="PASS" start="2024-11-03T16:22:42.532196" elapsed="0.073594"/>
</kw>
<kw name="Sleep" owner="BuiltIn">
<msg time="2024-11-03T16:22:43.606611" level="INFO">Slept 1 second.</msg>
<arg>1</arg>
<doc>Pauses the test executed for the given time.</doc>
<status status="PASS" start="2024-11-03T16:22:42.605968" elapsed="1.000888"/>
</kw>
<status status="PASS" start="2024-11-03T16:22:42.487478" elapsed="1.119628"/>
</kw>
<kw name="Fechar o navegador" owner="1-login" type="TEARDOWN">
<kw name="Close Browser" owner="SeleniumLibrary">
<doc>Closes the current browser.</doc>
<status status="PASS" start="2024-11-03T16:22:43.609352" elapsed="2.206375"/>
</kw>
<status status="PASS" start="2024-11-03T16:22:43.608688" elapsed="2.207312"/>
</kw>
<status status="PASS" start="2024-11-03T16:22:28.418396" elapsed="17.398774"/>
</test>
<test id="s1-t6" name="Cenário de testes 06: Clicar para cadastrar RAZAO SOCIAL" line="50">
<kw name="Abrir o navegador" owner="1-login" type="SETUP">
<kw name="Open Browser" owner="SeleniumLibrary">
<msg time="2024-11-03T16:22:45.819913" level="INFO">Opening browser 'headlesschrome' to base url 'None'.</msg>
<arg>browser=headlesschrome</arg>
<doc>Opens a new browser instance to the optional ``url``.</doc>
<status status="PASS" start="2024-11-03T16:22:45.819564" elapsed="1.275152"/>
</kw>
<kw name="Maximize Browser Window" owner="SeleniumLibrary">
<doc>Maximizes current browser window.</doc>
<status status="PASS" start="2024-11-03T16:22:47.095094" elapsed="0.031681"/>
</kw>
<status status="PASS" start="2024-11-03T16:22:45.818932" elapsed="1.308038"/>
</kw>
<kw name="Logar com sysadmin: Digitar um e-mail Valido" owner="1-login">
<kw name="Go To" owner="SeleniumLibrary">
<msg time="2024-11-03T16:22:47.128292" level="INFO">Opening url 'https://automacao.qacoders.dev.br/login'</msg>
<arg>url=${urlBase}</arg>
<doc>Navigates the current browser window to the provided ``url``.</doc>
<status status="PASS" start="2024-11-03T16:22:47.128045" elapsed="0.820431"/>
</kw>
<kw name="Wait Until Element Is Visible" owner="SeleniumLibrary">
<arg>locator=${emailInput}</arg>
<doc>Waits until the element ``locator`` is visible.</doc>
<status status="PASS" start="2024-11-03T16:22:47.948846" elapsed="0.060898"/>
</kw>
<kw name="Input Text" owner="SeleniumLibrary">
<msg time="2024-11-03T16:22:48.010261" level="INFO">Typing text 'sysadmin@qacoders.com' into text field 'id=email'.</msg>
<arg>locator=${emailInput}</arg>
<arg>text=${emailValido}</arg>
<doc>Types the given ``text`` into the text field identified by ``locator``.</doc>
<status status="PASS" start="2024-11-03T16:22:48.009947" elapsed="0.234405"/>
</kw>
<status status="PASS" start="2024-11-03T16:22:47.127550" elapsed="1.116915"/>
</kw>
<kw name="Logar com sysadmin: Digitar Uma Senha Valida" owner="1-login">
<kw name="Wait Until Element Is Visible" owner="SeleniumLibrary">
<arg>locator=${senhaInput}</arg>
<doc>Waits until the element ``locator`` is visible.</doc>
<status status="PASS" start="2024-11-03T16:22:48.245414" elapsed="0.031800"/>
</kw>
<kw name="Input Password" owner="SeleniumLibrary">
<msg time="2024-11-03T16:22:48.277656" level="INFO">Typing password into text field 'id=password'.</msg>
<msg time="2024-11-03T16:22:48.317178" level="INFO">Temporally setting log level to: NONE</msg>
<arg>locator=${senhaInput}</arg>
<arg>password=${senhaValida}</arg>
<doc>Types the given password into the text field identified by ``locator``.</doc>
<status status="PASS" start="2024-11-03T16:22:48.277398" elapsed="0.128996"/>
</kw>
<status status="PASS" start="2024-11-03T16:22:48.245046" elapsed="0.161492"/>
</kw>
<kw name="Logar com sysadmin: Clicar No Botao Entrar" owner="1-login">
<kw name="Wait Until Element Is Visible" owner="SeleniumLibrary">
<arg>locator=${botaoInput}</arg>
<doc>Waits until the element ``locator`` is visible.</doc>
<status status="PASS" start="2024-11-03T16:22:48.407629" elapsed="0.039881"/>
</kw>
<kw name="Click Button" owner="SeleniumLibrary">
<msg time="2024-11-03T16:22:48.448391" level="INFO">Clicking button 'id=login'.</msg>
<arg>locator=${botaoInput}</arg>
<doc>Clicks the button identified by ``locator``.</doc>
<status status="PASS" start="2024-11-03T16:22:48.447875" elapsed="0.103239"/>
</kw>
<status status="PASS" start="2024-11-03T16:22:48.407182" elapsed="0.144050"/>
</kw>
<kw name="Logar com sysadmin: Verificar Se Realmente Entrou No Sistema" owner="1-login">
<kw name="Wait Until Page Contains" owner="SeleniumLibrary">
<arg>text=Logout</arg>
<doc>Waits until ``text`` appears on the current page.</doc>
<status status="PASS" start="2024-11-03T16:22:48.552319" elapsed="0.677676"/>
</kw>
<kw name="Sleep" owner="BuiltIn">
<msg time="2024-11-03T16:22:53.230991" level="INFO">Slept 4 seconds.</msg>
<arg>4</arg>
<doc>Pauses the test executed for the given time.</doc>
<status status="PASS" start="2024-11-03T16:22:49.230233" elapsed="4.001009"/>
</kw>
<status status="PASS" start="2024-11-03T16:22:48.551904" elapsed="4.679580"/>
</kw>
<kw name="Clicar botão CADASTROS" owner="3-company">
<kw name="Wait Until Element Is Visible" owner="SeleniumLibrary">
<arg>locator=${CompanyBotaoCadastro}</arg>
<doc>Waits until the element ``locator`` is visible.</doc>
<status status="PASS" start="2024-11-03T16:22:53.233550" elapsed="0.041396"/>
</kw>
<kw name="Click Element" owner="SeleniumLibrary">
<msg time="2024-11-03T16:22:53.276210" level="INFO">Clicking element 'id=Cadastros'.</msg>
<arg>locator=${CompanyBotaoCadastro}</arg>
<doc>Click the element identified by ``locator``.</doc>
<status status="PASS" start="2024-11-03T16:22:53.275339" elapsed="0.092994"/>
</kw>
<kw name="Sleep" owner="BuiltIn">
<msg time="2024-11-03T16:22:54.369144" level="INFO">Slept 1 second.</msg>
<arg>1</arg>
<doc>Pauses the test executed for the given time.</doc>
<status status="PASS" start="2024-11-03T16:22:53.368564" elapsed="1.000870"/>
</kw>
<status status="PASS" start="2024-11-03T16:22:53.232894" elapsed="1.136778"/>
</kw>
<kw name="Clicar no botão EMPRESA" owner="3-company">
<kw name="Wait Until Element Is Visible" owner="SeleniumLibrary">
<arg>locator=${Companylist}</arg>
<doc>Waits until the element ``locator`` is visible.</doc>
<status status="PASS" start="2024-11-03T16:22:54.371473" elapsed="0.055995"/>
</kw>
<kw name="Click Element" owner="SeleniumLibrary">
<msg time="2024-11-03T16:22:54.427918" level="INFO">Clicking element 'Empresa'.</msg>
<arg>locator=${Companylist}</arg>
<doc>Click the element identified by ``locator``.</doc>
<status status="PASS" start="2024-11-03T16:22:54.427668" elapsed="0.098628"/>
</kw>
<kw name="Wait Until Page Contains" owner="SeleniumLibrary">
<arg>Empresa</arg>
<doc>Waits until ``text`` appears on the current page.</doc>
<status status="PASS" start="2024-11-03T16:22:54.526504" elapsed="0.015534"/>
</kw>
<kw name="Sleep" owner="BuiltIn">
<msg time="2024-11-03T16:22:55.543014" level="INFO">Slept 1 second.</msg>
<arg>1</arg>
<doc>Pauses the test executed for the given time.</doc>
<status status="PASS" start="2024-11-03T16:22:54.542321" elapsed="1.001087"/>
</kw>
<status status="PASS" start="2024-11-03T16:22:54.370625" elapsed="1.172993"/>
</kw>
<kw name="Clicar no botão NOVO CADASTRO EMPRESA" owner="3-company">
<kw name="Wait Until Element Is Visible" owner="SeleniumLibrary">
<arg>locator=${CompanyNovoCadastro}</arg>
<doc>Waits until the element ``locator`` is visible.</doc>
<status status="PASS" start="2024-11-03T16:22:55.544749" elapsed="0.036965"/>
</kw>
<kw name="Click Button" owner="SeleniumLibrary">
<msg time="2024-11-03T16:22:55.582187" level="INFO">Clicking button 'id=Novo Cadastro'.</msg>
<arg>locator=${CompanyNovoCadastro}</arg>
<doc>Clicks the button identified by ``locator``.</doc>
<status status="PASS" start="2024-11-03T16:22:55.581940" elapsed="0.125441"/>
</kw>
<kw name="Wait Until Page Contains" owner="SeleniumLibrary">
<arg>text=Novo Cadastro</arg>
<doc>Waits until ``text`` appears on the current page.</doc>
<status status="PASS" start="2024-11-03T16:22:55.707731" elapsed="0.021079"/>
</kw>
<kw name="Sleep" owner="BuiltIn">
<msg time="2024-11-03T16:22:56.729876" level="INFO">Slept 1 second.</msg>
<arg>1</arg>
<doc>Pauses the test executed for the given time.</doc>
<status status="PASS" start="2024-11-03T16:22:55.729089" elapsed="1.001050"/>
</kw>
<status status="PASS" start="2024-11-03T16:22:55.544229" elapsed="1.186166"/>
</kw>
<kw name="Verificar FORM CADASTRO EMPRESA" owner="3-company">
<kw name="Wait Until Element Is Visible" owner="SeleniumLibrary">
<arg>locator=${CompanyFormCadastro}</arg>
<doc>Waits until the element ``locator`` is visible.</doc>
<status status="PASS" start="2024-11-03T16:22:56.732357" elapsed="0.041153"/>
</kw>
<kw name="Click Element" owner="SeleniumLibrary">
<msg time="2024-11-03T16:22:56.774001" level="INFO">Clicking element '//form[@class='css-ffwpz9'][contains(.,'Novo CadastroDados da EmpresaRazão Social*Nome Fantasia*Email*CNPJ*Telefone*Descrição do serviço*Nome do Responsável*EndereçoCEP*País*Cidade*Estado*Bairro*Rua*Número do Imóvel*Complemento*SALVAR NOVOCANCELAR')]'.</msg>
<arg>locator=${CompanyFormCadastro}</arg>
<doc>Click the element identified by ``locator``.</doc>
<status status="PASS" start="2024-11-03T16:22:56.773734" elapsed="0.095645"/>
</kw>
<kw name="Sleep" owner="BuiltIn">
<msg time="2024-11-03T16:22:57.869971" level="INFO">Slept 1 second.</msg>
<arg>1</arg>
<doc>Pauses the test executed for the given time.</doc>
<status status="PASS" start="2024-11-03T16:22:56.869613" elapsed="1.000596"/>
</kw>
<status status="PASS" start="2024-11-03T16:22:56.731556" elapsed="1.138891"/>
</kw>
<kw name="Clicar para cadastrar RAZAO SOCIAL" owner="3-company">
<kw name="Wait Until Element Is Visible" owner="SeleniumLibrary">
<arg>locator=${CompanyRazaoSocial}</arg>
<doc>Waits until the element ``locator`` is visible.</doc>
<status status="PASS" start="2024-11-03T16:22:57.874905" elapsed="0.094297"/>
</kw>
<kw name="Click Element" owner="SeleniumLibrary">
<msg time="2024-11-03T16:22:57.971812" level="INFO">Clicking element '//input[contains(@name,'companyName')]'.</msg>
<arg>locator=${CompanyRazaoSocial}</arg>
<doc>Click the element identified by ``locator``.</doc>
<status status="PASS" start="2024-11-03T16:22:57.970181" elapsed="0.085646"/>
</kw>
<kw name="Sleep" owner="BuiltIn">
<msg time="2024-11-03T16:22:59.056721" level="INFO">Slept 1 second.</msg>
<arg>1</arg>
<doc>Pauses the test executed for the given time.</doc>
<status status="PASS" start="2024-11-03T16:22:58.056130" elapsed="1.000813"/>
</kw>
<status status="PASS" start="2024-11-03T16:22:57.873821" elapsed="1.183341"/>
</kw>
<kw name="Fechar o navegador" owner="1-login" type="TEARDOWN">
<kw name="Close Browser" owner="SeleniumLibrary">
<doc>Closes the current browser.</doc>
<status status="PASS" start="2024-11-03T16:22:59.059087" elapsed="2.168189"/>
</kw>
<status status="PASS" start="2024-11-03T16:22:59.058383" elapsed="2.169062"/>
</kw>
<status status="PASS" start="2024-11-03T16:22:45.818059" elapsed="15.410242"/>
</test>
<test id="s1-t7" name="Cenário de testes 07: Clicar para cadastrar NOME FANTASIA" line="61">
<kw name="Abrir o navegador" owner="1-login" type="SETUP">
<kw name="Open Browser" owner="SeleniumLibrary">
<msg time="2024-11-03T16:23:01.230926" level="INFO">Opening browser 'headlesschrome' to base url 'None'.</msg>
<arg>browser=headlesschrome</arg>
<doc>Opens a new browser instance to the optional ``url``.</doc>
<status status="PASS" start="2024-11-03T16:23:01.230769" elapsed="1.240857"/>
</kw>
<kw name="Maximize Browser Window" owner="SeleniumLibrary">
<doc>Maximizes current browser window.</doc>
<status status="PASS" start="2024-11-03T16:23:02.471806" elapsed="0.026922"/>
</kw>
<status status="PASS" start="2024-11-03T16:23:01.230376" elapsed="1.268515"/>
</kw>
<kw name="Logar com sysadmin: Digitar um e-mail Valido" owner="1-login">
<kw name="Go To" owner="SeleniumLibrary">
<msg time="2024-11-03T16:23:02.499876" level="INFO">Opening url 'https://automacao.qacoders.dev.br/login'</msg>
<arg>url=${urlBase}</arg>
<doc>Navigates the current browser window to the provided ``url``.</doc>
<status status="PASS" start="2024-11-03T16:23:02.499693" elapsed="1.901275"/>
</kw>
<kw name="Wait Until Element Is Visible" owner="SeleniumLibrary">
<arg>locator=${emailInput}</arg>
<doc>Waits until the element ``locator`` is visible.</doc>
<status status="PASS" start="2024-11-03T16:23:04.401718" elapsed="0.097642"/>
</kw>
<kw name="Input Text" owner="SeleniumLibrary">
<msg time="2024-11-03T16:23:04.500222" level="INFO">Typing text 'sysadmin@qacoders.com' into text field 'id=email'.</msg>
<arg>locator=${emailInput}</arg>
<arg>text=${emailValido}</arg>
<doc>Types the given ``text`` into the text field identified by ``locator``.</doc>
<status status="PASS" start="2024-11-03T16:23:04.499695" elapsed="0.320436"/>
</kw>
<status status="PASS" start="2024-11-03T16:23:02.499375" elapsed="2.320927"/>
</kw>
<kw name="Logar com sysadmin: Digitar Uma Senha Valida" owner="1-login">
<kw name="Wait Until Element Is Visible" owner="SeleniumLibrary">
<arg>locator=${senhaInput}</arg>
<doc>Waits until the element ``locator`` is visible.</doc>
<status status="PASS" start="2024-11-03T16:23:04.821666" elapsed="0.026035"/>
</kw>
<kw name="Input Password" owner="SeleniumLibrary">
<msg time="2024-11-03T16:23:04.848240" level="INFO">Typing password into text field 'id=password'.</msg>
<msg time="2024-11-03T16:23:04.909669" level="INFO">Temporally setting log level to: NONE</msg>
<arg>locator=${senhaInput}</arg>
<arg>password=${senhaValida}</arg>
<doc>Types the given password into the text field identified by ``locator``.</doc>
<status status="PASS" start="2024-11-03T16:23:04.847935" elapsed="0.173858"/>
</kw>
<status status="PASS" start="2024-11-03T16:23:04.821026" elapsed="0.200876"/>
</kw>
<kw name="Logar com sysadmin: Clicar No Botao Entrar" owner="1-login">
<kw name="Wait Until Element Is Visible" owner="SeleniumLibrary">
<arg>locator=${botaoInput}</arg>
<doc>Waits until the element ``locator`` is visible.</doc>
<status status="PASS" start="2024-11-03T16:23:05.022675" elapsed="0.037084"/>
</kw>
<kw name="Click Button" owner="SeleniumLibrary">
<msg time="2024-11-03T16:23:05.060145" level="INFO">Clicking button 'id=login'.</msg>
<arg>locator=${botaoInput}</arg>
<doc>Clicks the button identified by ``locator``.</doc>
<status status="PASS" start="2024-11-03T16:23:05.059935" elapsed="0.103705"/>
</kw>
<status status="PASS" start="2024-11-03T16:23:05.022356" elapsed="0.141495"/>
</kw>
<kw name="Logar com sysadmin: Verificar Se Realmente Entrou No Sistema" owner="1-login">
<kw name="Wait Until Page Contains" owner="SeleniumLibrary">
<arg>text=Logout</arg>
<doc>Waits until ``text`` appears on the current page.</doc>
<status status="PASS" start="2024-11-03T16:23:05.164831" elapsed="0.684400"/>
</kw>
<kw name="Sleep" owner="BuiltIn">
<msg time="2024-11-03T16:23:09.851373" level="INFO">Slept 4 seconds.</msg>
<arg>4</arg>
<doc>Pauses the test executed for the given time.</doc>
<status status="PASS" start="2024-11-03T16:23:05.849833" elapsed="4.001923"/>
</kw>
<status status="PASS" start="2024-11-03T16:23:05.164462" elapsed="4.687756"/>
</kw>
<kw name="Clicar botão CADASTROS" owner="3-company">
<kw name="Wait Until Element Is Visible" owner="SeleniumLibrary">
<arg>locator=${CompanyBotaoCadastro}</arg>
<doc>Waits until the element ``locator`` is visible.</doc>
<status status="PASS" start="2024-11-03T16:23:09.853306" elapsed="0.026561"/>
</kw>
<kw name="Click Element" owner="SeleniumLibrary">
<msg time="2024-11-03T16:23:09.881376" level="INFO">Clicking element 'id=Cadastros'.</msg>
<arg>locator=${CompanyBotaoCadastro}</arg>
<doc>Click the element identified by ``locator``.</doc>
<status status="PASS" start="2024-11-03T16:23:09.880729" elapsed="0.093342"/>
</kw>
<kw name="Sleep" owner="BuiltIn">
<msg time="2024-11-03T16:23:10.978429" level="INFO">Slept 1 second.</msg>
<arg>1</arg>
<doc>Pauses the test executed for the given time.</doc>
<status status="PASS" start="2024-11-03T16:23:09.976630" elapsed="1.002048"/>
</kw>
<status status="PASS" start="2024-11-03T16:23:09.852872" elapsed="1.126043"/>
</kw>
<kw name="Clicar no botão EMPRESA" owner="3-company">
<kw name="Wait Until Element Is Visible" owner="SeleniumLibrary">
<arg>locator=${Companylist}</arg>
<doc>Waits until the element ``locator`` is visible.</doc>
<status status="PASS" start="2024-11-03T16:23:10.981395" elapsed="0.045287"/>
</kw>
<kw name="Click Element" owner="SeleniumLibrary">
<msg time="2024-11-03T16:23:11.027063" level="INFO">Clicking element 'Empresa'.</msg>
<arg>locator=${Companylist}</arg>
<doc>Click the element identified by ``locator``.</doc>
<status status="PASS" start="2024-11-03T16:23:11.026851" elapsed="0.076371"/>
</kw>
<kw name="Wait Until Page Contains" owner="SeleniumLibrary">
<arg>Empresa</arg>
<doc>Waits until ``text`` appears on the current page.</doc>
<status status="PASS" start="2024-11-03T16:23:11.103526" elapsed="0.093790"/>
</kw>
<kw name="Sleep" owner="BuiltIn">
<msg time="2024-11-03T16:23:12.198704" level="INFO">Slept 1 second.</msg>
<arg>1</arg>
<doc>Pauses the test executed for the given time.</doc>
<status status="PASS" start="2024-11-03T16:23:11.198104" elapsed="1.000835"/>
</kw>
<status status="PASS" start="2024-11-03T16:23:10.980753" elapsed="1.218423"/>
</kw>
<kw name="Clicar no botão NOVO CADASTRO EMPRESA" owner="3-company">
<kw name="Wait Until Element Is Visible" owner="SeleniumLibrary">
<arg>locator=${CompanyNovoCadastro}</arg>
<doc>Waits until the element ``locator`` is visible.</doc>
<status status="PASS" start="2024-11-03T16:23:12.201246" elapsed="0.044958"/>
</kw>
<kw name="Click Button" owner="SeleniumLibrary">
<msg time="2024-11-03T16:23:12.246728" level="INFO">Clicking button 'id=Novo Cadastro'.</msg>
<arg>locator=${CompanyNovoCadastro}</arg>
<doc>Clicks the button identified by ``locator``.</doc>
<status status="PASS" start="2024-11-03T16:23:12.246465" elapsed="0.132868"/>
</kw>
<kw name="Wait Until Page Contains" owner="SeleniumLibrary">
<arg>text=Novo Cadastro</arg>
<doc>Waits until ``text`` appears on the current page.</doc>
<status status="PASS" start="2024-11-03T16:23:12.379624" elapsed="0.023473"/>
</kw>
<kw name="Sleep" owner="BuiltIn">
<msg time="2024-11-03T16:23:13.403858" level="INFO">Slept 1 second.</msg>
<arg>1</arg>
<doc>Pauses the test executed for the given time.</doc>
<status status="PASS" start="2024-11-03T16:23:12.403460" elapsed="1.000532"/>
</kw>
<status status="PASS" start="2024-11-03T16:23:12.200623" elapsed="1.203486"/>
</kw>
<kw name="Verificar FORM CADASTRO EMPRESA" owner="3-company">
<kw name="Wait Until Element Is Visible" owner="SeleniumLibrary">
<arg>locator=${CompanyFormCadastro}</arg>
<doc>Waits until the element ``locator`` is visible.</doc>
<status status="PASS" start="2024-11-03T16:23:13.405232" elapsed="0.031595"/>
</kw>
<kw name="Click Element" owner="SeleniumLibrary">
<msg time="2024-11-03T16:23:13.437494" level="INFO">Clicking element '//form[@class='css-ffwpz9'][contains(.,'Novo CadastroDados da EmpresaRazão Social*Nome Fantasia*Email*CNPJ*Telefone*Descrição do serviço*Nome do Responsável*EndereçoCEP*País*Cidade*Estado*Bairro*Rua*Número do Imóvel*Complemento*SALVAR NOVOCANCELAR')]'.</msg>
<arg>locator=${CompanyFormCadastro}</arg>
<doc>Click the element identified by ``locator``.</doc>
<status status="PASS" start="2024-11-03T16:23:13.437146" elapsed="0.101243"/>
</kw>
<kw name="Sleep" owner="BuiltIn">
<msg time="2024-11-03T16:23:14.539785" level="INFO">Slept 1 second.</msg>
<arg>1</arg>
<doc>Pauses the test executed for the given time.</doc>
<status status="PASS" start="2024-11-03T16:23:13.538725" elapsed="1.001321"/>
</kw>
<status status="PASS" start="2024-11-03T16:23:13.404892" elapsed="1.135421"/>
</kw>
<kw name="Clicar para cadastrar RAZAO SOCIAL" owner="3-company">
<kw name="Wait Until Element Is Visible" owner="SeleniumLibrary">
<arg>locator=${CompanyRazaoSocial}</arg>
<doc>Waits until the element ``locator`` is visible.</doc>
<status status="PASS" start="2024-11-03T16:23:14.542165" elapsed="0.042617"/>
</kw>
<kw name="Click Element" owner="SeleniumLibrary">
<msg time="2024-11-03T16:23:14.585233" level="INFO">Clicking element '//input[contains(@name,'companyName')]'.</msg>
<arg>locator=${CompanyRazaoSocial}</arg>
<doc>Click the element identified by ``locator``.</doc>
<status status="PASS" start="2024-11-03T16:23:14.584984" elapsed="0.120092"/>
</kw>
<kw name="Sleep" owner="BuiltIn">
<msg time="2024-11-03T16:23:15.706746" level="INFO">Slept 1 second.</msg>
<arg>1</arg>
<doc>Pauses the test executed for the given time.</doc>
<status status="PASS" start="2024-11-03T16:23:14.705567" elapsed="1.001463"/>
</kw>
<status status="PASS" start="2024-11-03T16:23:14.541534" elapsed="1.165772"/>
</kw>
<kw name="Clicar para cadastrar NOME FANTASIA" owner="3-company">
<kw name="Wait Until Element Is Visible" owner="SeleniumLibrary">
<arg>locator=${CompanyNomeFantasia}</arg>
<doc>Waits until the element ``locator`` is visible.</doc>
<status status="PASS" start="2024-11-03T16:23:15.709238" elapsed="0.083569"/>
</kw>
<kw name="Click Button" owner="SeleniumLibrary">
<msg time="2024-11-03T16:23:15.794699" level="INFO">Clicking button '//input[contains(@name,'fantasyName')]'.</msg>
<arg>locator=${CompanyNomeFantasia}</arg>
<doc>Clicks the button identified by ``locator``.</doc>
<status status="PASS" start="2024-11-03T16:23:15.793641" elapsed="0.138202"/>
</kw>
<kw name="Sleep" owner="BuiltIn">
<msg time="2024-11-03T16:23:16.932978" level="INFO">Slept 1 second.</msg>
<arg>1</arg>
<doc>Pauses the test executed for the given time.</doc>
<status status="PASS" start="2024-11-03T16:23:15.932109" elapsed="1.001095"/>
</kw>
<status status="PASS" start="2024-11-03T16:23:15.708410" elapsed="1.225008"/>
</kw>
<kw name="Fechar o navegador" owner="1-login" type="TEARDOWN">
<kw name="Close Browser" owner="SeleniumLibrary">
<doc>Closes the current browser.</doc>
<status status="PASS" start="2024-11-03T16:23:16.934548" elapsed="2.206119"/>
</kw>
<status status="PASS" start="2024-11-03T16:23:16.934061" elapsed="2.207100"/>
</kw>
<status status="PASS" start="2024-11-03T16:23:01.229740" elapsed="17.912618"/>
</test>
<test id="s1-t8" name="Cenário de testes 08: Clicar para cadastrar EMAIL EMPRESA" line="73">
<kw name="Abrir o navegador" owner="1-login" type="SETUP">
<kw name="Open Browser" owner="SeleniumLibrary">
<msg time="2024-11-03T16:23:19.149111" level="INFO">Opening browser 'headlesschrome' to base url 'None'.</msg>
<arg>browser=headlesschrome</arg>
<doc>Opens a new browser instance to the optional ``url``.</doc>
<status status="PASS" start="2024-11-03T16:23:19.148660" elapsed="1.256732"/>
</kw>
<kw name="Maximize Browser Window" owner="SeleniumLibrary">
<doc>Maximizes current browser window.</doc>
<status status="PASS" start="2024-11-03T16:23:20.405792" elapsed="0.038496"/>
</kw>
<status status="PASS" start="2024-11-03T16:23:19.147001" elapsed="1.297437"/>
</kw>
<kw name="Logar com sysadmin: Digitar um e-mail Valido" owner="1-login">
<kw name="Go To" owner="SeleniumLibrary">
<msg time="2024-11-03T16:23:20.445537" level="INFO">Opening url 'https://automacao.qacoders.dev.br/login'</msg>
<arg>url=${urlBase}</arg>
<doc>Navigates the current browser window to the provided ``url``.</doc>
<status status="PASS" start="2024-11-03T16:23:20.445367" elapsed="3.097115"/>
</kw>
<kw name="Wait Until Element Is Visible" owner="SeleniumLibrary">
<arg>locator=${emailInput}</arg>
<doc>Waits until the element ``locator`` is visible.</doc>
<status status="PASS" start="2024-11-03T16:23:23.542756" elapsed="0.056839"/>
</kw>
<kw name="Input Text" owner="SeleniumLibrary">
<msg time="2024-11-03T16:23:23.600047" level="INFO">Typing text 'sysadmin@qacoders.com' into text field 'id=email'.</msg>
<arg>locator=${emailInput}</arg>
<arg>text=${emailValido}</arg>
<doc>Types the given ``text`` into the text field identified by ``locator``.</doc>
<status status="PASS" start="2024-11-03T16:23:23.599784" elapsed="0.205319"/>
</kw>
<status status="PASS" start="2024-11-03T16:23:20.445024" elapsed="3.360193"/>
</kw>
<kw name="Logar com sysadmin: Digitar Uma Senha Valida" owner="1-login">
<kw name="Wait Until Element Is Visible" owner="SeleniumLibrary">
<arg>locator=${senhaInput}</arg>
<doc>Waits until the element ``locator`` is visible.</doc>
<status status="PASS" start="2024-11-03T16:23:23.806243" elapsed="0.039624"/>
</kw>
<kw name="Input Password" owner="SeleniumLibrary">
<msg time="2024-11-03T16:23:23.846803" level="INFO">Typing password into text field 'id=password'.</msg>
<msg time="2024-11-03T16:23:23.890430" level="INFO">Temporally setting log level to: NONE</msg>
<arg>locator=${senhaInput}</arg>
<arg>password=${senhaValida}</arg>
<doc>Types the given password into the text field identified by ``locator``.</doc>
<status status="PASS" start="2024-11-03T16:23:23.846193" elapsed="0.166923"/>
</kw>
<status status="PASS" start="2024-11-03T16:23:23.805687" elapsed="0.207544"/>
</kw>
<kw name="Logar com sysadmin: Clicar No Botao Entrar" owner="1-login">
<kw name="Wait Until Element Is Visible" owner="SeleniumLibrary">
<arg>locator=${botaoInput}</arg>
<doc>Waits until the element ``locator`` is visible.</doc>
<status status="PASS" start="2024-11-03T16:23:24.014045" elapsed="0.034870"/>
</kw>
<kw name="Click Button" owner="SeleniumLibrary">
<msg time="2024-11-03T16:23:24.049736" level="INFO">Clicking button 'id=login'.</msg>
<arg>locator=${botaoInput}</arg>
<doc>Clicks the button identified by ``locator``.</doc>
<status status="PASS" start="2024-11-03T16:23:24.049291" elapsed="0.132509"/>
</kw>
<status status="PASS" start="2024-11-03T16:23:24.013776" elapsed="0.168209"/>
</kw>
<kw name="Logar com sysadmin: Verificar Se Realmente Entrou No Sistema" owner="1-login">
<kw name="Wait Until Page Contains" owner="SeleniumLibrary">
<arg>text=Logout</arg>
<doc>Waits until ``text`` appears on the current page.</doc>
<status status="PASS" start="2024-11-03T16:23:24.182858" elapsed="0.680994"/>
</kw>
<kw name="Sleep" owner="BuiltIn">
<msg time="2024-11-03T16:23:28.864874" level="INFO">Slept 4 seconds.</msg>
<arg>4</arg>
<doc>Pauses the test executed for the given time.</doc>
<status status="PASS" start="2024-11-03T16:23:24.864082" elapsed="4.001043"/>
</kw>
<status status="PASS" start="2024-11-03T16:23:24.182519" elapsed="4.682855"/>
</kw>
<kw name="Clicar botão CADASTROS" owner="3-company">
<kw name="Wait Until Element Is Visible" owner="SeleniumLibrary">
<arg>locator=${CompanyBotaoCadastro}</arg>
<doc>Waits until the element ``locator`` is visible.</doc>
<status status="PASS" start="2024-11-03T16:23:28.868057" elapsed="0.069266"/>
</kw>
<kw name="Click Element" owner="SeleniumLibrary">
<msg time="2024-11-03T16:23:28.938474" level="INFO">Clicking element 'id=Cadastros'.</msg>
<arg>locator=${CompanyBotaoCadastro}</arg>
<doc>Click the element identified by ``locator``.</doc>
<status status="PASS" start="2024-11-03T16:23:28.937801" elapsed="0.143855"/>
</kw>
<kw name="Sleep" owner="BuiltIn">
<msg time="2024-11-03T16:23:30.084508" level="INFO">Slept 1 second.</msg>
<arg>1</arg>
<doc>Pauses the test executed for the given time.</doc>
<status status="PASS" start="2024-11-03T16:23:29.083181" elapsed="1.001580"/>
</kw>
<status status="PASS" start="2024-11-03T16:23:28.867407" elapsed="1.217604"/>
</kw>
<kw name="Clicar no botão EMPRESA" owner="3-company">
<kw name="Wait Until Element Is Visible" owner="SeleniumLibrary">
<arg>locator=${Companylist}</arg>
<doc>Waits until the element ``locator`` is visible.</doc>
<status status="PASS" start="2024-11-03T16:23:30.086760" elapsed="0.051772"/>
</kw>
<kw name="Click Element" owner="SeleniumLibrary">
<msg time="2024-11-03T16:23:30.139856" level="INFO">Clicking element 'Empresa'.</msg>
<arg>locator=${Companylist}</arg>
<doc>Click the element identified by ``locator``.</doc>
<status status="PASS" start="2024-11-03T16:23:30.138940" elapsed="0.115334"/>
</kw>
<kw name="Wait Until Page Contains" owner="SeleniumLibrary">
<arg>Empresa</arg>
<doc>Waits until ``text`` appears on the current page.</doc>
<status status="PASS" start="2024-11-03T16:23:30.254775" elapsed="0.064187"/>
</kw>
<kw name="Sleep" owner="BuiltIn">
<msg time="2024-11-03T16:23:31.320393" level="INFO">Slept 1 second.</msg>
<arg>1</arg>
<doc>Pauses the test executed for the given time.</doc>
<status status="PASS" start="2024-11-03T16:23:30.319313" elapsed="1.001312"/>
</kw>
<status status="PASS" start="2024-11-03T16:23:30.086063" elapsed="1.234794"/>
</kw>
<kw name="Clicar no botão NOVO CADASTRO EMPRESA" owner="3-company">
<kw name="Wait Until Element Is Visible" owner="SeleniumLibrary">
<arg>locator=${CompanyNovoCadastro}</arg>
<doc>Waits until the element ``locator`` is visible.</doc>
<status status="PASS" start="2024-11-03T16:23:31.322957" elapsed="0.063600"/>
</kw>
<kw name="Click Button" owner="SeleniumLibrary">
<msg time="2024-11-03T16:23:31.387095" level="INFO">Clicking button 'id=Novo Cadastro'.</msg>
<arg>locator=${CompanyNovoCadastro}</arg>
<doc>Clicks the button identified by ``locator``.</doc>
<status status="PASS" start="2024-11-03T16:23:31.386760" elapsed="0.211753"/>
</kw>
<kw name="Wait Until Page Contains" owner="SeleniumLibrary">
<arg>text=Novo Cadastro</arg>
<doc>Waits until ``text`` appears on the current page.</doc>
<status status="PASS" start="2024-11-03T16:23:31.599276" elapsed="0.042245"/>
</kw>
<kw name="Sleep" owner="BuiltIn">
<msg time="2024-11-03T16:23:32.642655" level="INFO">Slept 1 second.</msg>
<arg>1</arg>
<doc>Pauses the test executed for the given time.</doc>
<status status="PASS" start="2024-11-03T16:23:31.641971" elapsed="1.001071"/>
</kw>
<status status="PASS" start="2024-11-03T16:23:31.322326" elapsed="1.321044"/>
</kw>
<kw name="Verificar FORM CADASTRO EMPRESA" owner="3-company">
<kw name="Wait Until Element Is Visible" owner="SeleniumLibrary">
<arg>locator=${CompanyFormCadastro}</arg>
<doc>Waits until the element ``locator`` is visible.</doc>
<status status="PASS" start="2024-11-03T16:23:32.645400" elapsed="0.034537"/>
</kw>
<kw name="Click Element" owner="SeleniumLibrary">
<msg time="2024-11-03T16:23:32.680839" level="INFO">Clicking element '//form[@class='css-ffwpz9'][contains(.,'Novo CadastroDados da EmpresaRazão Social*Nome Fantasia*Email*CNPJ*Telefone*Descrição do serviço*Nome do Responsável*EndereçoCEP*País*Cidade*Estado*Bairro*Rua*Número do Imóvel*Complemento*SALVAR NOVOCANCELAR')]'.</msg>
<arg>locator=${CompanyFormCadastro}</arg>
<doc>Click the element identified by ``locator``.</doc>
<status status="PASS" start="2024-11-03T16:23:32.680301" elapsed="0.088396"/>
</kw>
<kw name="Sleep" owner="BuiltIn">
<msg time="2024-11-03T16:23:33.769633" level="INFO">Slept 1 second.</msg>
<arg>1</arg>
<doc>Pauses the test executed for the given time.</doc>
<status status="PASS" start="2024-11-03T16:23:32.768995" elapsed="1.000864"/>
</kw>
<status status="PASS" start="2024-11-03T16:23:32.644286" elapsed="1.125801"/>
</kw>
<kw name="Clicar para cadastrar RAZAO SOCIAL" owner="3-company">
<kw name="Wait Until Element Is Visible" owner="SeleniumLibrary">
<arg>locator=${CompanyRazaoSocial}</arg>
<doc>Waits until the element ``locator`` is visible.</doc>
<status status="PASS" start="2024-11-03T16:23:33.772281" elapsed="0.039486"/>
</kw>
<kw name="Click Element" owner="SeleniumLibrary">
<msg time="2024-11-03T16:23:33.813130" level="INFO">Clicking element '//input[contains(@name,'companyName')]'.</msg>
<arg>locator=${CompanyRazaoSocial}</arg>
<doc>Click the element identified by ``locator``.</doc>
<status status="PASS" start="2024-11-03T16:23:33.812376" elapsed="0.150532"/>
</kw>
<kw name="Sleep" owner="BuiltIn">
<msg time="2024-11-03T16:23:34.963879" level="INFO">Slept 1 second.</msg>
<arg>1</arg>
<doc>Pauses the test executed for the given time.</doc>
<status status="PASS" start="2024-11-03T16:23:33.963192" elapsed="1.000900"/>
</kw>
<status status="PASS" start="2024-11-03T16:23:33.771477" elapsed="1.192982"/>
</kw>
<kw name="Clicar para cadastrar NOME FANTASIA" owner="3-company">
<kw name="Wait Until Element Is Visible" owner="SeleniumLibrary">
<arg>locator=${CompanyNomeFantasia}</arg>
<doc>Waits until the element ``locator`` is visible.</doc>
<status status="PASS" start="2024-11-03T16:23:34.965940" elapsed="0.035899"/>
</kw>
<kw name="Click Button" owner="SeleniumLibrary">
<msg time="2024-11-03T16:23:35.002387" level="INFO">Clicking button '//input[contains(@name,'fantasyName')]'.</msg>
<arg>locator=${CompanyNomeFantasia}</arg>
<doc>Clicks the button identified by ``locator``.</doc>
<status status="PASS" start="2024-11-03T16:23:35.002090" elapsed="0.150416"/>
</kw>
<kw name="Sleep" owner="BuiltIn">
<msg time="2024-11-03T16:23:36.153496" level="INFO">Slept 1 second.</msg>
<arg>1</arg>
<doc>Pauses the test executed for the given time.</doc>
<status status="PASS" start="2024-11-03T16:23:35.152775" elapsed="1.000935"/>
</kw>
<status status="PASS" start="2024-11-03T16:23:34.965329" elapsed="1.188656"/>
</kw>
<kw name="Clicar para cadastrar EMAIL EMPRESA" owner="3-company">
<kw name="Wait Until Element Is Visible" owner="SeleniumLibrary">
<arg>locator=${CompanyEmail}</arg>
<doc>Waits until the element ``locator`` is visible.</doc>
<status status="PASS" start="2024-11-03T16:23:36.154736" elapsed="0.022232"/>
</kw>
<kw name="Click Element" owner="SeleniumLibrary">
<msg time="2024-11-03T16:23:36.177510" level="INFO">Clicking element '//input[contains(@name,'companyMail')]'.</msg>
<arg>locator=${CompanyEmail}</arg>
<doc>Click the element identified by ``locator``.</doc>
<status status="PASS" start="2024-11-03T16:23:36.177214" elapsed="0.122367"/>
</kw>
<kw name="Sleep" owner="BuiltIn">
<msg time="2024-11-03T16:23:37.300618" level="INFO">Slept 1 second.</msg>
<arg>1</arg>
<doc>Pauses the test executed for the given time.</doc>
<status status="PASS" start="2024-11-03T16:23:36.300000" elapsed="1.000800"/>
</kw>
<status status="PASS" start="2024-11-03T16:23:36.154447" elapsed="1.146498"/>
</kw>
<kw name="Fechar o navegador" owner="1-login" type="TEARDOWN">
<kw name="Close Browser" owner="SeleniumLibrary">
<doc>Closes the current browser.</doc>
<status status="PASS" start="2024-11-03T16:23:37.302222" elapsed="2.184764"/>
</kw>
<status status="PASS" start="2024-11-03T16:23:37.301728" elapsed="2.185800"/>
</kw>
<status status="PASS" start="2024-11-03T16:23:19.145148" elapsed="20.343306"/>
</test>
<test id="s1-t9" name="Cenário de testes 09: Clicar para cadastrar CNPJ" line="86">
<kw name="Abrir o navegador" owner="1-login" type="SETUP">
<kw name="Open Browser" owner="SeleniumLibrary">
<msg time="2024-11-03T16:23:39.493210" level="INFO">Opening browser 'headlesschrome' to base url 'None'.</msg>
<arg>browser=headlesschrome</arg>
<doc>Opens a new browser instance to the optional ``url``.</doc>
<status status="PASS" start="2024-11-03T16:23:39.492820" elapsed="1.401506"/>
</kw>
<kw name="Maximize Browser Window" owner="SeleniumLibrary">
<doc>Maximizes current browser window.</doc>
<status status="PASS" start="2024-11-03T16:23:40.894575" elapsed="0.035464"/>
</kw>
<status status="PASS" start="2024-11-03T16:23:39.492086" elapsed="1.438092"/>
</kw>
<kw name="Logar com sysadmin: Digitar um e-mail Valido" owner="1-login">
<kw name="Go To" owner="SeleniumLibrary">
<msg time="2024-11-03T16:23:40.937125" level="INFO">Opening url 'https://automacao.qacoders.dev.br/login'</msg>
<arg>url=${urlBase}</arg>
<doc>Navigates the current browser window to the provided ``url``.</doc>
<status status="PASS" start="2024-11-03T16:23:40.935717" elapsed="3.051468"/>
</kw>
<kw name="Wait Until Element Is Visible" owner="SeleniumLibrary">
<arg>locator=${emailInput}</arg>
<doc>Waits until the element ``locator`` is visible.</doc>
<status status="PASS" start="2024-11-03T16:23:43.987404" elapsed="0.044239"/>
</kw>
<kw name="Input Text" owner="SeleniumLibrary">
<msg time="2024-11-03T16:23:44.032232" level="INFO">Typing text 'sysadmin@qacoders.com' into text field 'id=email'.</msg>
<arg>locator=${emailInput}</arg>
<arg>text=${emailValido}</arg>
<doc>Types the given ``text`` into the text field identified by ``locator``.</doc>
<status status="PASS" start="2024-11-03T16:23:44.031895" elapsed="0.212698"/>
</kw>
<status status="PASS" start="2024-11-03T16:23:40.933581" elapsed="3.311209"/>
</kw>
<kw name="Logar com sysadmin: Digitar Uma Senha Valida" owner="1-login">
<kw name="Wait Until Element Is Visible" owner="SeleniumLibrary">
<arg>locator=${senhaInput}</arg>
<doc>Waits until the element ``locator`` is visible.</doc>
<status status="PASS" start="2024-11-03T16:23:44.246016" elapsed="0.036817"/>
</kw>
<kw name="Input Password" owner="SeleniumLibrary">
<msg time="2024-11-03T16:23:44.283298" level="INFO">Typing password into text field 'id=password'.</msg>
<msg time="2024-11-03T16:23:44.338120" level="INFO">Temporally setting log level to: NONE</msg>
<arg>locator=${senhaInput}</arg>
<arg>password=${senhaValida}</arg>
<doc>Types the given password into the text field identified by ``locator``.</doc>
<status status="PASS" start="2024-11-03T16:23:44.283033" elapsed="0.143454"/>
</kw>
<status status="PASS" start="2024-11-03T16:23:44.245348" elapsed="0.181335"/>
</kw>
<kw name="Logar com sysadmin: Clicar No Botao Entrar" owner="1-login">
<kw name="Wait Until Element Is Visible" owner="SeleniumLibrary">
<arg>locator=${botaoInput}</arg>
<doc>Waits until the element ``locator`` is visible.</doc>
<status status="PASS" start="2024-11-03T16:23:44.427854" elapsed="0.033151"/>
</kw>
<kw name="Click Button" owner="SeleniumLibrary">
<msg time="2024-11-03T16:23:44.461843" level="INFO">Clicking button 'id=login'.</msg>
<arg>locator=${botaoInput}</arg>
<doc>Clicks the button identified by ``locator``.</doc>
<status status="PASS" start="2024-11-03T16:23:44.461379" elapsed="0.103872"/>
</kw>
<status status="PASS" start="2024-11-03T16:23:44.427488" elapsed="0.137939"/>
</kw>
<kw name="Logar com sysadmin: Verificar Se Realmente Entrou No Sistema" owner="1-login">
<kw name="Wait Until Page Contains" owner="SeleniumLibrary">
<arg>text=Logout</arg>
<doc>Waits until ``text`` appears on the current page.</doc>
<status status="PASS" start="2024-11-03T16:23:44.566339" elapsed="0.701326"/>
</kw>
<kw name="Sleep" owner="BuiltIn">
<msg time="2024-11-03T16:23:49.268899" level="INFO">Slept 4 seconds.</msg>
<arg>4</arg>
<doc>Pauses the test executed for the given time.</doc>
<status status="PASS" start="2024-11-03T16:23:45.268050" elapsed="4.001174"/>
</kw>
<status status="PASS" start="2024-11-03T16:23:44.565910" elapsed="4.703636"/>
</kw>
<kw name="Clicar botão CADASTROS" owner="3-company">
<kw name="Wait Until Element Is Visible" owner="SeleniumLibrary">
<arg>locator=${CompanyBotaoCadastro}</arg>
<doc>Waits until the element ``locator`` is visible.</doc>
<status status="PASS" start="2024-11-03T16:23:49.271226" elapsed="0.103273"/>
</kw>
<kw name="Click Element" owner="SeleniumLibrary">
<msg time="2024-11-03T16:23:49.375845" level="INFO">Clicking element 'id=Cadastros'.</msg>
<arg>locator=${CompanyBotaoCadastro}</arg>
<doc>Click the element identified by ``locator``.</doc>
<status status="PASS" start="2024-11-03T16:23:49.374943" elapsed="0.182707"/>
</kw>
<kw name="Sleep" owner="BuiltIn">
<msg time="2024-11-03T16:23:50.561123" level="INFO">Slept 1 second.</msg>
<arg>1</arg>
<doc>Pauses the test executed for the given time.</doc>
<status status="PASS" start="2024-11-03T16:23:49.559998" elapsed="1.001286"/>
</kw>
<status status="PASS" start="2024-11-03T16:23:49.270591" elapsed="1.290840"/>
</kw>
<kw name="Clicar no botão EMPRESA" owner="3-company">
<kw name="Wait Until Element Is Visible" owner="SeleniumLibrary">
<arg>locator=${Companylist}</arg>
<doc>Waits until the element ``locator`` is visible.</doc>
<status status="PASS" start="2024-11-03T16:23:50.562511" elapsed="0.031026"/>
</kw>
<kw name="Click Element" owner="SeleniumLibrary">
<msg time="2024-11-03T16:23:50.594173" level="INFO">Clicking element 'Empresa'.</msg>
<arg>locator=${Companylist}</arg>
<doc>Click the element identified by ``locator``.</doc>
<status status="PASS" start="2024-11-03T16:23:50.593815" elapsed="0.064932"/>
</kw>
<kw name="Wait Until Page Contains" owner="SeleniumLibrary">
<arg>Empresa</arg>
<doc>Waits until ``text`` appears on the current page.</doc>
<status status="PASS" start="2024-11-03T16:23:50.659000" elapsed="0.049428"/>
</kw>
<kw name="Sleep" owner="BuiltIn">
<msg time="2024-11-03T16:23:51.709496" level="INFO">Slept 1 second.</msg>
<arg>1</arg>
<doc>Pauses the test executed for the given time.</doc>
<status status="PASS" start="2024-11-03T16:23:50.708792" elapsed="1.000917"/>
</kw>
<status status="PASS" start="2024-11-03T16:23:50.562005" elapsed="1.147921"/>
</kw>
<kw name="Clicar no botão NOVO CADASTRO EMPRESA" owner="3-company">
<kw name="Wait Until Element Is Visible" owner="SeleniumLibrary">
<arg>locator=${CompanyNovoCadastro}</arg>
<doc>Waits until the element ``locator`` is visible.</doc>
<status status="PASS" start="2024-11-03T16:23:51.711383" elapsed="0.034172"/>
</kw>
<kw name="Click Button" owner="SeleniumLibrary">
<msg time="2024-11-03T16:23:51.746010" level="INFO">Clicking button 'id=Novo Cadastro'.</msg>
<arg>locator=${CompanyNovoCadastro}</arg>
<doc>Clicks the button identified by ``locator``.</doc>
<status status="PASS" start="2024-11-03T16:23:51.745743" elapsed="0.108934"/>
</kw>
<kw name="Wait Until Page Contains" owner="SeleniumLibrary">
<arg>text=Novo Cadastro</arg>
<doc>Waits until ``text`` appears on the current page.</doc>
<status status="PASS" start="2024-11-03T16:23:51.855035" elapsed="0.017519"/>
</kw>
<kw name="Sleep" owner="BuiltIn">
<msg time="2024-11-03T16:23:52.873600" level="INFO">Slept 1 second.</msg>
<arg>1</arg>
<doc>Pauses the test executed for the given time.</doc>
<status status="PASS" start="2024-11-03T16:23:51.872935" elapsed="1.000865"/>
</kw>
<status status="PASS" start="2024-11-03T16:23:51.710758" elapsed="1.163223"/>
</kw>
<kw name="Verificar FORM CADASTRO EMPRESA" owner="3-company">
<kw name="Wait Until Element Is Visible" owner="SeleniumLibrary">
<arg>locator=${CompanyFormCadastro}</arg>
<doc>Waits until the element ``locator`` is visible.</doc>
<status status="PASS" start="2024-11-03T16:23:52.875367" elapsed="0.041295"/>
</kw>
<kw name="Click Element" owner="SeleniumLibrary">
<msg time="2024-11-03T16:23:52.917196" level="INFO">Clicking element '//form[@class='css-ffwpz9'][contains(.,'Novo CadastroDados da EmpresaRazão Social*Nome Fantasia*Email*CNPJ*Telefone*Descrição do serviço*Nome do Responsável*EndereçoCEP*País*Cidade*Estado*Bairro*Rua*Número do Imóvel*Complemento*SALVAR NOVOCANCELAR')]'.</msg>
<arg>locator=${CompanyFormCadastro}</arg>
<doc>Click the element identified by ``locator``.</doc>
<status status="PASS" start="2024-11-03T16:23:52.916958" elapsed="0.054528"/>
</kw>
<kw name="Sleep" owner="BuiltIn">
<msg time="2024-11-03T16:23:53.973640" level="INFO">Slept 1 second.</msg>
<arg>1</arg>
<doc>Pauses the test executed for the given time.</doc>
<status status="PASS" start="2024-11-03T16:23:52.971751" elapsed="1.002658"/>
</kw>
<status status="PASS" start="2024-11-03T16:23:52.874805" elapsed="1.100096"/>
</kw>
<kw name="Clicar para cadastrar RAZAO SOCIAL" owner="3-company">
<kw name="Wait Until Element Is Visible" owner="SeleniumLibrary">
<arg>locator=${CompanyRazaoSocial}</arg>
<doc>Waits until the element ``locator`` is visible.</doc>
<status status="PASS" start="2024-11-03T16:23:53.977109" elapsed="0.055110"/>
</kw>
<kw name="Click Element" owner="SeleniumLibrary">
<msg time="2024-11-03T16:23:54.038395" level="INFO">Clicking element '//input[contains(@name,'companyName')]'.</msg>
<arg>locator=${CompanyRazaoSocial}</arg>
<doc>Click the element identified by ``locator``.</doc>
<status status="PASS" start="2024-11-03T16:23:54.034645" elapsed="0.179509"/>
</kw>
<kw name="Sleep" owner="BuiltIn">
<msg time="2024-11-03T16:23:55.215666" level="INFO">Slept 1 second.</msg>
<arg>1</arg>
<doc>Pauses the test executed for the given time.</doc>
<status status="PASS" start="2024-11-03T16:23:54.214428" elapsed="1.001540"/>
</kw>
<status status="PASS" start="2024-11-03T16:23:53.976401" elapsed="1.239886"/>
</kw>
<kw name="Clicar para cadastrar NOME FANTASIA" owner="3-company">
<kw name="Wait Until Element Is Visible" owner="SeleniumLibrary">
<arg>locator=${CompanyNomeFantasia}</arg>
<doc>Waits until the element ``locator`` is visible.</doc>
<status status="PASS" start="2024-11-03T16:23:55.217928" elapsed="0.066483"/>
</kw>
<kw name="Click Button" owner="SeleniumLibrary">
<msg time="2024-11-03T16:23:55.289663" level="INFO">Clicking button '//input[contains(@name,'fantasyName')]'.</msg>
<arg>locator=${CompanyNomeFantasia}</arg>
<doc>Clicks the button identified by ``locator``.</doc>
<status status="PASS" start="2024-11-03T16:23:55.286867" elapsed="0.195056"/>
</kw>
<kw name="Sleep" owner="BuiltIn">
<msg time="2024-11-03T16:23:56.483687" level="INFO">Slept 1 second.</msg>
<arg>1</arg>
<doc>Pauses the test executed for the given time.</doc>
<status status="PASS" start="2024-11-03T16:23:55.482457" elapsed="1.001731"/>
</kw>
<status status="PASS" start="2024-11-03T16:23:55.217178" elapsed="1.267383"/>
</kw>
<kw name="Clicar para cadastrar EMAIL EMPRESA" owner="3-company">
<kw name="Wait Until Element Is Visible" owner="SeleniumLibrary">
<arg>locator=${CompanyEmail}</arg>
<doc>Waits until the element ``locator`` is visible.</doc>
<status status="PASS" start="2024-11-03T16:23:56.488174" elapsed="0.034521"/>
</kw>
<kw name="Click Element" owner="SeleniumLibrary">
<msg time="2024-11-03T16:23:56.523761" level="INFO">Clicking element '//input[contains(@name,'companyMail')]'.</msg>
<arg>locator=${CompanyEmail}</arg>
<doc>Click the element identified by ``locator``.</doc>
<status status="PASS" start="2024-11-03T16:23:56.522956" elapsed="0.163164"/>
</kw>
<kw name="Sleep" owner="BuiltIn">
<msg time="2024-11-03T16:23:57.687755" level="INFO">Slept 1 second.</msg>
<arg>1</arg>
<doc>Pauses the test executed for the given time.</doc>
<status status="PASS" start="2024-11-03T16:23:56.686684" elapsed="1.001302"/>
</kw>
<status status="PASS" start="2024-11-03T16:23:56.486861" elapsed="1.201364"/>
</kw>
<kw name="Clicar para cadastrar CNPJ" owner="3-company">
<kw name="Wait Until Element Is Visible" owner="SeleniumLibrary">
<arg>locator=${CompanyCNPJ}</arg>
<doc>Waits until the element ``locator`` is visible.</doc>
<status status="PASS" start="2024-11-03T16:23:57.689631" elapsed="0.045622"/>
</kw>
<kw name="Click Element" owner="SeleniumLibrary">
<msg time="2024-11-03T16:23:57.736412" level="INFO">Clicking element '//input[contains(@name,'matriz')]'.</msg>
[...]
<status status="PASS" start="2024-11-03T16:24:40.431285" elapsed="1.002288"/>
</kw>
<status status="PASS" start="2024-11-03T16:24:40.198431" elapsed="1.235363"/>
</kw>
<kw name="Clicar para cadastrar CNPJ" owner="3-company">
<kw name="Wait Until Element Is Visible" owner="SeleniumLibrary">
<arg>locator=${CompanyCNPJ}</arg>
<doc>Waits until the element ``locator`` is visible.</doc>
<status status="PASS" start="2024-11-03T16:24:41.435825" elapsed="0.094474"/>
</kw>
<kw name="Click Element" owner="SeleniumLibrary">
<msg time="2024-11-03T16:24:41.530842" level="INFO">Clicking element '//input[contains(@name,'matriz')]'.</msg>
<arg>locator=${CompanyCNPJ}</arg>
<doc>Click the element identified by ``locator``.</doc>
<status status="PASS" start="2024-11-03T16:24:41.530538" elapsed="0.160208"/>
</kw>
<kw name="Sleep" owner="BuiltIn">
<msg time="2024-11-03T16:24:42.693760" level="INFO">Slept 1 second.</msg>
<arg>1</arg>
<doc>Pauses the test executed for the given time.</doc>
<status status="PASS" start="2024-11-03T16:24:41.692352" elapsed="1.001529"/>
</kw>
<status status="PASS" start="2024-11-03T16:24:41.435141" elapsed="1.258928"/>
</kw>
<kw name="Clicar para cadastrar TELEFONE" owner="3-company">
<kw name="Wait Until Element Is Visible" owner="SeleniumLibrary">
<arg>locator=${CompanyTELEFONE}</arg>
<doc>Waits until the element ``locator`` is visible.</doc>
<status status="PASS" start="2024-11-03T16:24:42.694992" elapsed="0.023664"/>
</kw>
<kw name="Click Element" owner="SeleniumLibrary">
<msg time="2024-11-03T16:24:42.719098" level="INFO">Clicking element 'name=telephone'.</msg>
<arg>locator=${CompanyTELEFONE}</arg>
<doc>Click the element identified by ``locator``.</doc>
<status status="PASS" start="2024-11-03T16:24:42.718861" elapsed="0.172494"/>
</kw>
<kw name="Sleep" owner="BuiltIn">
<msg time="2024-11-03T16:24:43.892652" level="INFO">Slept 1 second.</msg>
<arg>1</arg>
<doc>Pauses the test executed for the given time.</doc>
<status status="PASS" start="2024-11-03T16:24:42.891908" elapsed="1.000897"/>
</kw>
<status status="PASS" start="2024-11-03T16:24:42.694537" elapsed="1.198384"/>
</kw>
<kw name="Clicar para cadastrar DESCRIÇÃO DO SERVIÇO" owner="3-company">
<kw name="Wait Until Element Is Visible" owner="SeleniumLibrary">
<arg>locator=${CompanyDescSERVICO}</arg>
<doc>Waits until the element ``locator`` is visible.</doc>
<status status="PASS" start="2024-11-03T16:24:43.894122" elapsed="0.033046"/>
</kw>
<kw name="Click Element" owner="SeleniumLibrary">
<msg time="2024-11-03T16:24:43.927701" level="INFO">Clicking element 'id=serviceDescription'.</msg>
<arg>locator=${CompanyDescSERVICO}</arg>
<doc>Click the element identified by ``locator``.</doc>
<status status="PASS" start="2024-11-03T16:24:43.927397" elapsed="0.141285"/>
</kw>
<kw name="Sleep" owner="BuiltIn">
<msg time="2024-11-03T16:24:45.070905" level="INFO">Slept 1 second.</msg>
<arg>1</arg>
<doc>Pauses the test executed for the given time.</doc>
<status status="PASS" start="2024-11-03T16:24:44.069091" elapsed="1.002553"/>
</kw>
<status status="PASS" start="2024-11-03T16:24:43.893689" elapsed="1.178275"/>
</kw>
<kw name="Fechar o navegador" owner="1-login" type="TEARDOWN">
<kw name="Close Browser" owner="SeleniumLibrary">
<doc>Closes the current browser.</doc>
<status status="PASS" start="2024-11-03T16:24:45.073500" elapsed="2.344876"/>
</kw>
<status status="PASS" start="2024-11-03T16:24:45.073022" elapsed="2.345822"/>
</kw>
<status status="PASS" start="2024-11-03T16:24:24.145880" elapsed="23.273704"/>
</test>
<test id="s1-t12" name="Cenário de testes 12: Clicar para cadastrar NOME DO RESPONSAVEL" line="131">
<kw name="Abrir o navegador" owner="1-login" type="SETUP">
<kw name="Open Browser" owner="SeleniumLibrary">
<msg time="2024-11-03T16:24:47.426457" level="INFO">Opening browser 'headlesschrome' to base url 'None'.</msg>
<arg>browser=headlesschrome</arg>
<doc>Opens a new browser instance to the optional ``url``.</doc>
<status status="PASS" start="2024-11-03T16:24:47.425645" elapsed="1.547667"/>
</kw>
<kw name="Maximize Browser Window" owner="SeleniumLibrary">
<doc>Maximizes current browser window.</doc>
<status status="PASS" start="2024-11-03T16:24:48.973932" elapsed="0.039301"/>
</kw>
<status status="PASS" start="2024-11-03T16:24:47.424181" elapsed="1.589408"/>
</kw>
<kw name="Logar com sysadmin: Digitar um e-mail Valido" owner="1-login">
<kw name="Go To" owner="SeleniumLibrary">
<msg time="2024-11-03T16:24:49.016789" level="INFO">Opening url 'https://automacao.qacoders.dev.br/login'</msg>
<arg>url=${urlBase}</arg>
<doc>Navigates the current browser window to the provided ``url``.</doc>
<status status="PASS" start="2024-11-03T16:24:49.016301" elapsed="1.208229"/>
</kw>
<kw name="Wait Until Element Is Visible" owner="SeleniumLibrary">
<arg>locator=${emailInput}</arg>
<doc>Waits until the element ``locator`` is visible.</doc>
<status status="PASS" start="2024-11-03T16:24:50.225178" elapsed="0.101559"/>
</kw>
<kw name="Input Text" owner="SeleniumLibrary">
<msg time="2024-11-03T16:24:50.327822" level="INFO">Typing text 'sysadmin@qacoders.com' into text field 'id=email'.</msg>
<arg>locator=${emailInput}</arg>
<arg>text=${emailValido}</arg>
<doc>Types the given ``text`` into the text field identified by ``locator``.</doc>
<status status="PASS" start="2024-11-03T16:24:50.327145" elapsed="0.243746"/>
</kw>
<status status="PASS" start="2024-11-03T16:24:49.015665" elapsed="1.555469"/>
</kw>
<kw name="Logar com sysadmin: Digitar Uma Senha Valida" owner="1-login">
<kw name="Wait Until Element Is Visible" owner="SeleniumLibrary">
<arg>locator=${senhaInput}</arg>
<doc>Waits until the element ``locator`` is visible.</doc>
<status status="PASS" start="2024-11-03T16:24:50.572567" elapsed="0.030857"/>
</kw>
<kw name="Input Password" owner="SeleniumLibrary">
<msg time="2024-11-03T16:24:50.604716" level="INFO">Typing password into text field 'id=password'.</msg>
<msg time="2024-11-03T16:24:50.656387" level="INFO">Temporally setting log level to: NONE</msg>
<arg>locator=${senhaInput}</arg>
<arg>password=${senhaValida}</arg>
<doc>Types the given password into the text field identified by ``locator``.</doc>
<status status="PASS" start="2024-11-03T16:24:50.603926" elapsed="0.156242"/>
</kw>
<status status="PASS" start="2024-11-03T16:24:50.571960" elapsed="0.188702"/>
</kw>
<kw name="Logar com sysadmin: Clicar No Botao Entrar" owner="1-login">
<kw name="Wait Until Element Is Visible" owner="SeleniumLibrary">
<arg>locator=${botaoInput}</arg>
<doc>Waits until the element ``locator`` is visible.</doc>
<status status="PASS" start="2024-11-03T16:24:50.761878" elapsed="0.033119"/>
</kw>
<kw name="Click Button" owner="SeleniumLibrary">
<msg time="2024-11-03T16:24:50.796028" level="INFO">Clicking button 'id=login'.</msg>
<arg>locator=${botaoInput}</arg>
<doc>Clicks the button identified by ``locator``.</doc>
<status status="PASS" start="2024-11-03T16:24:50.795380" elapsed="0.124543"/>
</kw>
<status status="PASS" start="2024-11-03T16:24:50.761261" elapsed="0.158846"/>
</kw>
<kw name="Logar com sysadmin: Verificar Se Realmente Entrou No Sistema" owner="1-login">
<kw name="Wait Until Page Contains" owner="SeleniumLibrary">
<arg>text=Logout</arg>
<doc>Waits until ``text`` appears on the current page.</doc>
<status status="PASS" start="2024-11-03T16:24:50.921262" elapsed="0.713110"/>
</kw>
<kw name="Sleep" owner="BuiltIn">
<msg time="2024-11-03T16:24:55.638552" level="INFO">Slept 4 seconds.</msg>
<arg>4</arg>
<doc>Pauses the test executed for the given time.</doc>
<status status="PASS" start="2024-11-03T16:24:51.634702" elapsed="4.004215"/>
</kw>
<status status="PASS" start="2024-11-03T16:24:50.920730" elapsed="4.718573"/>
</kw>
<kw name="Clicar botão CADASTROS" owner="3-company">
<kw name="Wait Until Element Is Visible" owner="SeleniumLibrary">
<arg>locator=${CompanyBotaoCadastro}</arg>
<doc>Waits until the element ``locator`` is visible.</doc>
<status status="PASS" start="2024-11-03T16:24:55.643072" elapsed="0.051489"/>
</kw>
<kw name="Click Element" owner="SeleniumLibrary">
<msg time="2024-11-03T16:24:55.695343" level="INFO">Clicking element 'id=Cadastros'.</msg>
<arg>locator=${CompanyBotaoCadastro}</arg>
<doc>Click the element identified by ``locator``.</doc>
<status status="PASS" start="2024-11-03T16:24:55.694904" elapsed="0.061283"/>
</kw>
<kw name="Sleep" owner="BuiltIn">
<msg time="2024-11-03T16:24:56.758310" level="INFO">Slept 1 second.</msg>
<arg>1</arg>
<doc>Pauses the test executed for the given time.</doc>
<status status="PASS" start="2024-11-03T16:24:55.757055" elapsed="1.001568"/>
</kw>
<status status="PASS" start="2024-11-03T16:24:55.641978" elapsed="1.116969"/>
</kw>
<kw name="Clicar no botão EMPRESA" owner="3-company">
<kw name="Wait Until Element Is Visible" owner="SeleniumLibrary">
<arg>locator=${Companylist}</arg>
<doc>Waits until the element ``locator`` is visible.</doc>
<status status="PASS" start="2024-11-03T16:24:56.761409" elapsed="0.035454"/>
</kw>
<kw name="Click Element" owner="SeleniumLibrary">
<msg time="2024-11-03T16:24:56.797647" level="INFO">Clicking element 'Empresa'.</msg>
<arg>locator=${Companylist}</arg>
<doc>Click the element identified by ``locator``.</doc>
<status status="PASS" start="2024-11-03T16:24:56.797208" elapsed="0.074968"/>
</kw>
<kw name="Wait Until Page Contains" owner="SeleniumLibrary">
<arg>Empresa</arg>
<doc>Waits until ``text`` appears on the current page.</doc>
<status status="PASS" start="2024-11-03T16:24:56.873264" elapsed="0.093009"/>
</kw>
<kw name="Sleep" owner="BuiltIn">
<msg time="2024-11-03T16:24:57.967793" level="INFO">Slept 1 second.</msg>
<arg>1</arg>
<doc>Pauses the test executed for the given time.</doc>
<status status="PASS" start="2024-11-03T16:24:56.966916" elapsed="1.001125"/>
</kw>
<status status="PASS" start="2024-11-03T16:24:56.760749" elapsed="1.207531"/>
</kw>
<kw name="Clicar no botão NOVO CADASTRO EMPRESA" owner="3-company">
<kw name="Wait Until Element Is Visible" owner="SeleniumLibrary">
<arg>locator=${CompanyNovoCadastro}</arg>
<doc>Waits until the element ``locator`` is visible.</doc>
<status status="PASS" start="2024-11-03T16:24:57.970551" elapsed="0.077695"/>
</kw>
<kw name="Click Button" owner="SeleniumLibrary">
<msg time="2024-11-03T16:24:58.049535" level="INFO">Clicking button 'id=Novo Cadastro'.</msg>
<arg>locator=${CompanyNovoCadastro}</arg>
<doc>Clicks the button identified by ``locator``.</doc>
<status status="PASS" start="2024-11-03T16:24:58.048776" elapsed="0.270138"/>
</kw>
<kw name="Wait Until Page Contains" owner="SeleniumLibrary">
<arg>text=Novo Cadastro</arg>
<doc>Waits until ``text`` appears on the current page.</doc>
<status status="PASS" start="2024-11-03T16:24:58.319606" elapsed="0.061866"/>
</kw>
<kw name="Sleep" owner="BuiltIn">
<msg time="2024-11-03T16:24:59.382629" level="INFO">Slept 1 second.</msg>
<arg>1</arg>
<doc>Pauses the test executed for the given time.</doc>
<status status="PASS" start="2024-11-03T16:24:58.381976" elapsed="1.000903"/>
</kw>
<status status="PASS" start="2024-11-03T16:24:57.969932" elapsed="1.413194"/>
</kw>
<kw name="Verificar FORM CADASTRO EMPRESA" owner="3-company">
<kw name="Wait Until Element Is Visible" owner="SeleniumLibrary">
<arg>locator=${CompanyFormCadastro}</arg>
<doc>Waits until the element ``locator`` is visible.</doc>
<status status="PASS" start="2024-11-03T16:24:59.385813" elapsed="0.072949"/>
</kw>
<kw name="Click Element" owner="SeleniumLibrary">
<msg time="2024-11-03T16:24:59.460016" level="INFO">Clicking element '//form[@class='css-ffwpz9'][contains(.,'Novo CadastroDados da EmpresaRazão Social*Nome Fantasia*Email*CNPJ*Telefone*Descrição do serviço*Nome do Responsável*EndereçoCEP*País*Cidade*Estado*Bairro*Rua*Número do Imóvel*Complemento*SALVAR NOVOCANCELAR')]'.</msg>
<arg>locator=${CompanyFormCadastro}</arg>
<doc>Click the element identified by ``locator``.</doc>
<status status="PASS" start="2024-11-03T16:24:59.459321" elapsed="0.146947"/>
</kw>
<kw name="Sleep" owner="BuiltIn">
<msg time="2024-11-03T16:25:00.608256" level="INFO">Slept 1 second.</msg>
<arg>1</arg>
<doc>Pauses the test executed for the given time.</doc>
<status status="PASS" start="2024-11-03T16:24:59.606944" elapsed="1.001560"/>
</kw>
<status status="PASS" start="2024-11-03T16:24:59.384966" elapsed="1.223780"/>
</kw>
<kw name="Clicar para cadastrar RAZAO SOCIAL" owner="3-company">
<kw name="Wait Until Element Is Visible" owner="SeleniumLibrary">
<arg>locator=${CompanyRazaoSocial}</arg>
<doc>Waits until the element ``locator`` is visible.</doc>
<status status="PASS" start="2024-11-03T16:25:00.610899" elapsed="0.119292"/>
</kw>
<kw name="Click Element" owner="SeleniumLibrary">
<msg time="2024-11-03T16:25:00.732423" level="INFO">Clicking element '//input[contains(@name,'companyName')]'.</msg>
<arg>locator=${CompanyRazaoSocial}</arg>
<doc>Click the element identified by ``locator``.</doc>
<status status="PASS" start="2024-11-03T16:25:00.730984" elapsed="0.227231"/>
</kw>
<kw name="Sleep" owner="BuiltIn">
<msg time="2024-11-03T16:25:01.959321" level="INFO">Slept 1 second.</msg>
<arg>1</arg>
<doc>Pauses the test executed for the given time.</doc>
<status status="PASS" start="2024-11-03T16:25:00.958642" elapsed="1.000859"/>
</kw>
<status status="PASS" start="2024-11-03T16:25:00.610228" elapsed="1.349473"/>
</kw>
<kw name="Clicar para cadastrar NOME FANTASIA" owner="3-company">
<kw name="Wait Until Element Is Visible" owner="SeleniumLibrary">
<arg>locator=${CompanyNomeFantasia}</arg>
<doc>Waits until the element ``locator`` is visible.</doc>
<status status="PASS" start="2024-11-03T16:25:01.960832" elapsed="0.044188"/>
</kw>
<kw name="Click Button" owner="SeleniumLibrary">
<msg time="2024-11-03T16:25:02.005782" level="INFO">Clicking button '//input[contains(@name,'fantasyName')]'.</msg>
<arg>locator=${CompanyNomeFantasia}</arg>
<doc>Clicks the button identified by ``locator``.</doc>
<status status="PASS" start="2024-11-03T16:25:02.005370" elapsed="0.176654"/>
</kw>
<kw name="Sleep" owner="BuiltIn">
<msg time="2024-11-03T16:25:03.183041" level="INFO">Slept 1 second.</msg>
<arg>1</arg>
<doc>Pauses the test executed for the given time.</doc>
<status status="PASS" start="2024-11-03T16:25:02.182478" elapsed="1.000792"/>
</kw>
<status status="PASS" start="2024-11-03T16:25:01.960386" elapsed="1.223324"/>
</kw>
<kw name="Clicar para cadastrar EMAIL EMPRESA" owner="3-company">
<kw name="Wait Until Element Is Visible" owner="SeleniumLibrary">
<arg>locator=${CompanyEmail}</arg>
<doc>Waits until the element ``locator`` is visible.</doc>
<status status="PASS" start="2024-11-03T16:25:03.185964" elapsed="0.084948"/>
</kw>
<kw name="Click Element" owner="SeleniumLibrary">
<msg time="2024-11-03T16:25:03.272460" level="INFO">Clicking element '//input[contains(@name,'companyMail')]'.</msg>
<arg>locator=${CompanyEmail}</arg>
<doc>Click the element identified by ``locator``.</doc>
<status status="PASS" start="2024-11-03T16:25:03.271596" elapsed="0.222242"/>
</kw>
<kw name="Sleep" owner="BuiltIn">
<msg time="2024-11-03T16:25:04.496594" level="INFO">Slept 1 second.</msg>
<arg>1</arg>
<doc>Pauses the test executed for the given time.</doc>
<status status="PASS" start="2024-11-03T16:25:03.494378" elapsed="1.002465"/>
</kw>
<status status="PASS" start="2024-11-03T16:25:03.185422" elapsed="1.311644"/>
</kw>
<kw name="Clicar para cadastrar CNPJ" owner="3-company">
<kw name="Wait Until Element Is Visible" owner="SeleniumLibrary">
<arg>locator=${CompanyCNPJ}</arg>
<doc>Waits until the element ``locator`` is visible.</doc>
<status status="PASS" start="2024-11-03T16:25:04.500884" elapsed="0.082061"/>
</kw>
<kw name="Click Element" owner="SeleniumLibrary">
<msg time="2024-11-03T16:25:04.584728" level="INFO">Clicking element '//input[contains(@name,'matriz')]'.</msg>
<arg>locator=${CompanyCNPJ}</arg>
<doc>Click the element identified by ``locator``.</doc>
<status status="PASS" start="2024-11-03T16:25:04.583776" elapsed="0.141515"/>
</kw>
<kw name="Sleep" owner="BuiltIn">
<msg time="2024-11-03T16:25:05.727739" level="INFO">Slept 1 second.</msg>
<arg>1</arg>
<doc>Pauses the test executed for the given time.</doc>
<status status="PASS" start="2024-11-03T16:25:04.725751" elapsed="1.002313"/>
</kw>
<status status="PASS" start="2024-11-03T16:25:04.500057" elapsed="1.228313"/>
</kw>
<kw name="Clicar para cadastrar TELEFONE" owner="3-company">
<kw name="Wait Until Element Is Visible" owner="SeleniumLibrary">
<arg>locator=${CompanyTELEFONE}</arg>
<doc>Waits until the element ``locator`` is visible.</doc>
<status status="PASS" start="2024-11-03T16:25:05.730942" elapsed="0.103433"/>
</kw>
<kw name="Click Element" owner="SeleniumLibrary">
<msg time="2024-11-03T16:25:05.837953" level="INFO">Clicking element 'name=telephone'.</msg>
<arg>locator=${CompanyTELEFONE}</arg>
<doc>Click the element identified by ``locator``.</doc>
<status status="PASS" start="2024-11-03T16:25:05.836009" elapsed="0.173374"/>
</kw>
<kw name="Sleep" owner="BuiltIn">
<msg time="2024-11-03T16:25:07.011741" level="INFO">Slept 1 second.</msg>
<arg>1</arg>
<doc>Pauses the test executed for the given time.</doc>
<status status="PASS" start="2024-11-03T16:25:06.009899" elapsed="1.002056"/>
</kw>
<status status="PASS" start="2024-11-03T16:25:05.730076" elapsed="1.282148"/>
</kw>
<kw name="Clicar para cadastrar DESCRIÇÃO DO SERVIÇO" owner="3-company">
<kw name="Wait Until Element Is Visible" owner="SeleniumLibrary">
<arg>locator=${CompanyDescSERVICO}</arg>
<doc>Waits until the element ``locator`` is visible.</doc>
<status status="PASS" start="2024-11-03T16:25:07.015236" elapsed="0.095354"/>
</kw>
<kw name="Click Element" owner="SeleniumLibrary">
<msg time="2024-11-03T16:25:07.112628" level="INFO">Clicking element 'id=serviceDescription'.</msg>
<arg>locator=${CompanyDescSERVICO}</arg>
<doc>Click the element identified by ``locator``.</doc>
<status status="PASS" start="2024-11-03T16:25:07.111548" elapsed="0.216469"/>
</kw>
<kw name="Sleep" owner="BuiltIn">
<msg time="2024-11-03T16:25:08.329029" level="INFO">Slept 1 second.</msg>
<arg>1</arg>
<doc>Pauses the test executed for the given time.</doc>
<status status="PASS" start="2024-11-03T16:25:07.328501" elapsed="1.000706"/>
</kw>
<status status="PASS" start="2024-11-03T16:25:07.014319" elapsed="1.315101"/>
</kw>
<kw name="Clicar para cadastrar NOME DO RESPONSAVEL" owner="3-company">
<kw name="Wait Until Element Is Visible" owner="SeleniumLibrary">
<arg>locator=${CompanyRESPONSAVEL}</arg>
<doc>Waits until the element ``locator`` is visible.</doc>
<status status="PASS" start="2024-11-03T16:25:08.331503" elapsed="0.078707"/>
</kw>
<kw name="Click Element" owner="SeleniumLibrary">
<msg time="2024-11-03T16:25:08.415242" level="INFO">Clicking element 'id=fullName'.</msg>
<arg>locator=${CompanyRESPONSAVEL}</arg>
<doc>Click the element identified by ``locator``.</doc>
<status status="PASS" start="2024-11-03T16:25:08.412415" elapsed="0.154518"/>
</kw>
<kw name="Sleep" owner="BuiltIn">
<msg time="2024-11-03T16:25:09.569249" level="INFO">Slept 1 second.</msg>
<arg>1</arg>
<doc>Pauses the test executed for the given time.</doc>
<status status="PASS" start="2024-11-03T16:25:08.568163" elapsed="1.001267"/>
</kw>
<status status="PASS" start="2024-11-03T16:25:08.330982" elapsed="1.238623"/>
</kw>
<kw name="Fechar o navegador" owner="1-login" type="TEARDOWN">
<kw name="Close Browser" owner="SeleniumLibrary">
<doc>Closes the current browser.</doc>
<status status="PASS" start="2024-11-03T16:25:09.570508" elapsed="2.250421"/>
</kw>
<status status="PASS" start="2024-11-03T16:25:09.570168" elapsed="2.251080"/>
</kw>
<status status="PASS" start="2024-11-03T16:24:47.422083" elapsed="24.400459"/>
</test>
<status status="PASS" start="2024-11-03T16:21:38.361104" elapsed="213.465011"/>
</suite>
<statistics>
<total>
<stat pass="12" fail="0" skip="0">All Tests</stat>
</total>
<tag>
</tag>
<suite>
<stat pass="12" fail="0" skip="0" id="s1" name="testsCompany">testsCompany</stat>
</suite>
</statistics>
<errors>
</errors>
</robot>
